[ 2016-03-15T12:21:32+08:00 ] ::1 /kaili/index.php/Home/Index/login
INFO: [ app_begin ] --START--
INFO: Run Behavior\ReadHtmlCacheBehavior [ RunTime:0.001559s ]
INFO: [ app_begin ] --END-- [ RunTime:0.002660s ]
SQL: SHOW COLUMNS FROM `admin` [ RunTime:0.0699s ]
SQL: SELECT * FROM `admin` WHERE ( login='root' ) LIMIT 1   [ RunTime:0.0016s ]

[ 2016-03-15T12:21:43+08:00 ] ::1 /kaili/index.php/Home/Index/login
INFO: [ app_begin ] --START--
INFO: Run Behavior\ReadHtmlCacheBehavior [ RunTime:0.001690s ]
INFO: [ app_begin ] --END-- [ RunTime:0.002731s ]
SQL: SHOW COLUMNS FROM `admin` [ RunTime:0.0112s ]
SQL: SELECT * FROM `admin` WHERE ( login='root' ) LIMIT 1   [ RunTime:0.0008s ]

[ 2016-03-15T12:47:08+08:00 ] ::1 /kaili/index.php/Home/Index/login
INFO: [ app_begin ] --START--
INFO: Run Behavior\ReadHtmlCacheBehavior [ RunTime:0.008381s ]
INFO: [ app_begin ] --END-- [ RunTime:0.009515s ]
SQL: SHOW COLUMNS FROM `admin` [ RunTime:0.0133s ]
SQL: SELECT * FROM `admin` WHERE ( login='root' ) LIMIT 1   [ RunTime:0.0008s ]

[ 2016-03-15T12:49:50+08:00 ] ::1 /kaili/index.php/Home/Index/login
INFO: [ app_begin ] --START--
INFO: Run Behavior\ReadHtmlCacheBehavior [ RunTime:0.001757s ]
INFO: [ app_begin ] --END-- [ RunTime:0.002803s ]
SQL: SHOW COLUMNS FROM `admin` [ RunTime:0.0159s ]
SQL: SELECT * FROM `admin` WHERE ( login='root' ) LIMIT 1   [ RunTime:0.0009s ]

[ 2016-03-15T12:49:50+08:00 ] ::1 /kaili/index.php/Home/Index/waiter.html
ERR: 模板不存在:./App/Home/View/Index/waiter.html

[ 2016-03-15T13:08:43+08:00 ] ::1 /kaili/index.php/Home/Index/conlogin
INFO: [ app_begin ] --START--
INFO: Run Behavior\ReadHtmlCacheBehavior [ RunTime:0.002152s ]
INFO: [ app_begin ] --END-- [ RunTime:0.004590s ]
INFO: [ app_end ] --START--
INFO: Run Behavior\ShowPageTraceBehavior [ RunTime:0.001322s ]
INFO: [ app_end ] --END-- [ RunTime:0.001555s ]

[ 2016-03-15T13:08:47+08:00 ] ::1 /kaili/index.php/Home/Index/conlogin
INFO: [ app_begin ] --START--
INFO: Run Behavior\ReadHtmlCacheBehavior [ RunTime:0.001282s ]
INFO: [ app_begin ] --END-- [ RunTime:0.002338s ]
INFO: [ app_end ] --START--
INFO: Run Behavior\ShowPageTraceBehavior [ RunTime:0.001543s ]
INFO: [ app_end ] --END-- [ RunTime:0.001797s ]

[ 2016-03-15T13:08:54+08:00 ] ::1 /kaili/index.php/Home/Index/conlogin
INFO: [ app_begin ] --START--
INFO: Run Behavior\ReadHtmlCacheBehavior [ RunTime:0.001263s ]
INFO: [ app_begin ] --END-- [ RunTime:0.002165s ]
INFO: [ app_end ] --START--
INFO: Run Behavior\ShowPageTraceBehavior [ RunTime:0.001241s ]
INFO: [ app_end ] --END-- [ RunTime:0.001417s ]

[ 2016-03-15T13:09:06+08:00 ] ::1 /kaili/index.php/Home/Index/conlogin
INFO: [ app_begin ] --START--
INFO: Run Behavior\ReadHtmlCacheBehavior [ RunTime:0.001268s ]
INFO: [ app_begin ] --END-- [ RunTime:0.002198s ]
INFO: [ app_end ] --START--
INFO: Run Behavior\ShowPageTraceBehavior [ RunTime:0.001208s ]
INFO: [ app_end ] --END-- [ RunTime:0.001395s ]

[ 2016-03-15T13:10:12+08:00 ] ::1 /kaili/index.php/Home/Index/conlogin
INFO: [ app_begin ] --START--
INFO: Run Behavior\ReadHtmlCacheBehavior [ RunTime:0.001933s ]
INFO: [ app_begin ] --END-- [ RunTime:0.003140s ]
INFO: [ app_end ] --START--
INFO: Run Behavior\ShowPageTraceBehavior [ RunTime:0.001212s ]
INFO: [ app_end ] --END-- [ RunTime:0.001406s ]

[ 2016-03-15T13:10:15+08:00 ] ::1 /kaili/index.php/Home/Index/conlogin
INFO: [ app_begin ] --START--
INFO: Run Behavior\ReadHtmlCacheBehavior [ RunTime:0.001774s ]
INFO: [ app_begin ] --END-- [ RunTime:0.002784s ]
INFO: [ app_end ] --START--
INFO: Run Behavior\ShowPageTraceBehavior [ RunTime:0.001266s ]
INFO: [ app_end ] --END-- [ RunTime:0.001477s ]

[ 2016-03-15T13:10:54+08:00 ] ::1 /kaili/index.php/Home/Index/conlogin
INFO: [ app_begin ] --START--
INFO: Run Behavior\ReadHtmlCacheBehavior [ RunTime:0.001255s ]
INFO: [ app_begin ] --END-- [ RunTime:0.002301s ]
INFO: [ app_end ] --START--
INFO: Run Behavior\ShowPageTraceBehavior [ RunTime:0.001230s ]
INFO: [ app_end ] --END-- [ RunTime:0.001414s ]

[ 2016-03-15T13:11:00+08:00 ] ::1 /kaili/index.php/Home/Index/conlogin
INFO: [ app_begin ] --START--
INFO: Run Behavior\ReadHtmlCacheBehavior [ RunTime:0.001373s ]
INFO: [ app_begin ] --END-- [ RunTime:0.002421s ]
INFO: [ app_end ] --START--
INFO: Run Behavior\ShowPageTraceBehavior [ RunTime:0.001229s ]
INFO: [ app_end ] --END-- [ RunTime:0.001426s ]

[ 2016-03-15T13:11:48+08:00 ] ::1 /kaili/index.php/Home/Index/conlogin
INFO: [ app_begin ] --START--
INFO: Run Behavior\ReadHtmlCacheBehavior [ RunTime:0.001365s ]
INFO: [ app_begin ] --END-- [ RunTime:0.002501s ]

[ 2016-03-15T13:28:22+08:00 ] ::1 /kaili/index.php/Home/Index/conlogin
INFO: [ app_begin ] --START--
INFO: Run Behavior\ReadHtmlCacheBehavior [ RunTime:0.001683s ]
INFO: [ app_begin ] --END-- [ RunTime:0.002805s ]
NOTIC: [8] Undefined variable: username E:\phpstudy\WWW\kaili\App\Home\Controller\IndexController.class.php 第 51 行.

[ 2016-03-15T13:31:45+08:00 ] ::1 /kaili/index.php/Home/Index/U('Index/reg')
ERR: 非法操作:U('Index

[ 2016-03-15T13:56:48+08:00 ] ::1 /kaili/index.php/Home/Index/conreg
INFO: [ app_begin ] --START--
INFO: Run Behavior\ReadHtmlCacheBehavior [ RunTime:0.001705s ]
INFO: [ app_begin ] --END-- [ RunTime:0.002779s ]

[ 2016-03-15T13:58:03+08:00 ] ::1 /kaili/index.php/Home/Index/conreg
INFO: [ app_begin ] --START--
INFO: Run Behavior\ReadHtmlCacheBehavior [ RunTime:0.001207s ]
INFO: [ app_begin ] --END-- [ RunTime:0.002080s ]
SQL: SHOW COLUMNS FROM `user` [ RunTime:0.0133s ]
SQL: SELECT * FROM `user` WHERE ( userphone='1' ) LIMIT 1   [ RunTime:0.0009s ]

[ 2016-03-15T13:58:55+08:00 ] ::1 /kaili/index.php/Home/Index/conreg
INFO: [ app_begin ] --START--
INFO: Run Behavior\ReadHtmlCacheBehavior [ RunTime:0.004352s ]
INFO: [ app_begin ] --END-- [ RunTime:0.006367s ]
SQL: SHOW COLUMNS FROM `user` [ RunTime:0.0110s ]
SQL: SELECT * FROM `user` WHERE ( userphone='18437955601' ) LIMIT 1   [ RunTime:0.0007s ]

[ 2016-03-15T13:59:05+08:00 ] ::1 /kaili/index.php/Home/Index/conreg
INFO: [ app_begin ] --START--
INFO: Run Behavior\ReadHtmlCacheBehavior [ RunTime:0.001461s ]
INFO: [ app_begin ] --END-- [ RunTime:0.002778s ]
SQL: SHOW COLUMNS FROM `user` [ RunTime:0.0141s ]
SQL: SELECT * FROM `user` WHERE ( userphone='18437955601' ) LIMIT 1   [ RunTime:0.0007s ]

[ 2016-03-15T13:59:30+08:00 ] ::1 /kaili/index.php/Home/Index/conreg
INFO: [ app_begin ] --START--
INFO: Run Behavior\ReadHtmlCacheBehavior [ RunTime:0.001781s ]
INFO: [ app_begin ] --END-- [ RunTime:0.003341s ]

[ 2016-03-15T13:59:31+08:00 ] ::1 /kaili/index.php/Home/Index/conreg
INFO: [ app_begin ] --START--
INFO: Run Behavior\ReadHtmlCacheBehavior [ RunTime:0.001283s ]
INFO: [ app_begin ] --END-- [ RunTime:0.002411s ]

[ 2016-03-15T13:59:42+08:00 ] ::1 /kaili/index.php/Home/Index/conreg
INFO: [ app_begin ] --START--
INFO: Run Behavior\ReadHtmlCacheBehavior [ RunTime:0.001675s ]
INFO: [ app_begin ] --END-- [ RunTime:0.002765s ]

[ 2016-03-15T14:01:16+08:00 ] ::1 /kaili/index.php/Home/Index/conreg
INFO: [ app_begin ] --START--
INFO: Run Behavior\ReadHtmlCacheBehavior [ RunTime:0.001617s ]
INFO: [ app_begin ] --END-- [ RunTime:0.002869s ]
SQL: SHOW COLUMNS FROM `user` [ RunTime:0.0118s ]
SQL: SELECT * FROM `user` WHERE ( userphone='18437955601' ) LIMIT 1   [ RunTime:0.0008s ]

[ 2016-03-15T14:02:53+08:00 ] ::1 /kaili/index.php/Home/Index/conreg
INFO: [ app_begin ] --START--
INFO: Run Behavior\ReadHtmlCacheBehavior [ RunTime:0.001274s ]
INFO: [ app_begin ] --END-- [ RunTime:0.002153s ]
SQL: SHOW COLUMNS FROM `user` [ RunTime:0.0137s ]
SQL: SELECT * FROM `user` WHERE ( userphone='18437955601' ) LIMIT 1   [ RunTime:0.0008s ]

[ 2016-03-15T14:04:28+08:00 ] ::1 /kaili/index.php/Home/Index/conreg
INFO: [ app_begin ] --START--
INFO: Run Behavior\ReadHtmlCacheBehavior [ RunTime:0.002582s ]
INFO: [ app_begin ] --END-- [ RunTime:0.004091s ]
SQL: SHOW COLUMNS FROM `user` [ RunTime:0.0308s ]
SQL: SELECT * FROM `user` WHERE ( userphone='18437955601' ) LIMIT 1   [ RunTime:0.0007s ]

[ 2016-03-15T14:04:53+08:00 ] ::1 /kaili/index.php/Home/Index/conreg
INFO: [ app_begin ] --START--
INFO: Run Behavior\ReadHtmlCacheBehavior [ RunTime:0.001303s ]
INFO: [ app_begin ] --END-- [ RunTime:0.002264s ]
SQL: SHOW COLUMNS FROM `user` [ RunTime:0.0110s ]
SQL: SELECT * FROM `user` WHERE ( userphone='18437955601' ) LIMIT 1   [ RunTime:0.0009s ]

[ 2016-03-15T14:06:07+08:00 ] ::1 /kaili/index.php/Home/Index/conreg
INFO: [ app_begin ] --START--
INFO: Run Behavior\ReadHtmlCacheBehavior [ RunTime:0.001294s ]
INFO: [ app_begin ] --END-- [ RunTime:0.002211s ]
SQL: SHOW COLUMNS FROM `user` [ RunTime:0.0144s ]
SQL: SELECT * FROM `user` WHERE ( userphone='18437955601' ) LIMIT 1   [ RunTime:0.0007s ]

[ 2016-03-15T14:09:13+08:00 ] ::1 /kaili/index.php/Home/Index/conreg
INFO: [ app_begin ] --START--
INFO: Run Behavior\ReadHtmlCacheBehavior [ RunTime:0.001793s ]
INFO: [ app_begin ] --END-- [ RunTime:0.003178s ]
SQL: SHOW COLUMNS FROM `user` [ RunTime:0.0129s ]
SQL: SELECT * FROM `user` WHERE ( userphone='18437955601' ) LIMIT 1   [ RunTime:0.0008s ]

[ 2016-03-15T14:09:40+08:00 ] ::1 /kaili/index.php/Home/Index/conreg
INFO: [ app_begin ] --START--
INFO: Run Behavior\ReadHtmlCacheBehavior [ RunTime:0.001248s ]
INFO: [ app_begin ] --END-- [ RunTime:0.002312s ]
SQL: SHOW COLUMNS FROM `user` [ RunTime:0.0111s ]
SQL: SELECT * FROM `user` WHERE ( userphone='1843795560' ) LIMIT 1   [ RunTime:0.0007s ]

[ 2016-03-15T18:52:26+08:00 ] ::1 /kaili/index.php/Home/Index/login
INFO: [ app_begin ] --START--
INFO: Run Behavior\ReadHtmlCacheBehavior [ RunTime:0.004900s ]
INFO: [ app_begin ] --END-- [ RunTime:0.007095s ]
SQL: SHOW COLUMNS FROM `admin` [ RunTime:0.0843s ]
SQL: SELECT * FROM `admin` WHERE ( login='root' ) LIMIT 1   [ RunTime:0.0016s ]

[ 2016-03-15T18:52:49+08:00 ] ::1 /kaili/index.php/Home/Index/conreg
INFO: [ app_begin ] --START--
INFO: Run Behavior\ReadHtmlCacheBehavior [ RunTime:0.002459s ]
INFO: [ app_begin ] --END-- [ RunTime:0.004334s ]

[ 2016-03-15T18:53:24+08:00 ] ::1 /kaili/index.php/Home/Index/conreg
INFO: [ app_begin ] --START--
INFO: Run Behavior\ReadHtmlCacheBehavior [ RunTime:0.002422s ]
INFO: [ app_begin ] --END-- [ RunTime:0.005742s ]
SQL: SHOW COLUMNS FROM `user` [ RunTime:0.0498s ]
SQL: SELECT * FROM `user` WHERE ( userphone='11111' ) LIMIT 1   [ RunTime:0.0015s ]
INFO: [ app_end ] --START--
INFO: Run Behavior\ShowPageTraceBehavior [ RunTime:0.002510s ]
INFO: [ app_end ] --END-- [ RunTime:0.002773s ]

[ 2016-03-15T18:58:16+08:00 ] ::1 /kaili/index.php/Home/Index/conreg
INFO: [ app_begin ] --START--
INFO: Run Behavior\ReadHtmlCacheBehavior [ RunTime:0.008987s ]
INFO: [ app_begin ] --END-- [ RunTime:0.012046s ]
SQL: SHOW COLUMNS FROM `user` [ RunTime:0.0178s ]
SQL: SELECT * FROM `user` WHERE ( userphone='11111' ) LIMIT 1   [ RunTime:0.0014s ]
SQL: INSERT INTO `user` (`userphone`,`name`) VALUES ('11111','111') [ RunTime:0.0018s ]

[ 2016-03-15T19:03:28+08:00 ] ::1 /kaili/index.php/Home/Index/conreg
INFO: [ app_begin ] --START--
INFO: Run Behavior\ReadHtmlCacheBehavior [ RunTime:0.002721s ]
INFO: [ app_begin ] --END-- [ RunTime:0.003777s ]
SQL: SHOW COLUMNS FROM `user` [ RunTime:0.0106s ]
SQL: SELECT * FROM `user` WHERE ( userphone='1049370257' ) LIMIT 1   [ RunTime:0.0008s ]
SQL: INSERT INTO `user` (`userphone`,`name`) VALUES ('1049370257','吉米多少') [ RunTime:0.0009s ]

[ 2016-03-15T19:04:03+08:00 ] ::1 /kaili/index.php/Home/Index/conreg
INFO: [ app_begin ] --START--
INFO: Run Behavior\ReadHtmlCacheBehavior [ RunTime:0.003229s ]
INFO: [ app_begin ] --END-- [ RunTime:0.006764s ]
SQL: SHOW COLUMNS FROM `user` [ RunTime:0.0110s ]
SQL: SELECT * FROM `user` WHERE ( userphone='1014887329' ) LIMIT 1   [ RunTime:0.0007s ]
SQL: INSERT INTO `user` (`userphone`,`name`) VALUES ('1014887329','xiaoming') [ RunTime:0.0007s ]

[ 2016-03-15T19:06:55+08:00 ] ::1 /kaili/index.php/Home/Index/conreg
INFO: [ app_begin ] --START--
INFO: Run Behavior\ReadHtmlCacheBehavior [ RunTime:0.001794s ]
INFO: [ app_begin ] --END-- [ RunTime:0.003071s ]
SQL: SHOW COLUMNS FROM `user` [ RunTime:0.0117s ]
SQL: SELECT * FROM `user` WHERE ( userphone='15238309888' ) LIMIT 1   [ RunTime:0.0008s ]
SQL: INSERT INTO `user` (`userphone`,`name`) VALUES ('15238309888','不好打') [ RunTime:0.0008s ]

[ 2016-03-15T19:08:35+08:00 ] ::1 /kaili/index.php/Home/Index/conlogin
INFO: [ app_begin ] --START--
INFO: Run Behavior\ReadHtmlCacheBehavior [ RunTime:0.002236s ]
INFO: [ app_begin ] --END-- [ RunTime:0.003738s ]
NOTIC: [8] Undefined variable: username E:\phpstudy\WWW\kaili\App\Home\Controller\IndexController.class.php 第 51 行.

[ 2016-03-15T19:08:42+08:00 ] ::1 /kaili/index.php/Home/Index/conlogin
INFO: [ app_begin ] --START--
INFO: Run Behavior\ReadHtmlCacheBehavior [ RunTime:0.001710s ]
INFO: [ app_begin ] --END-- [ RunTime:0.002722s ]
NOTIC: [8] Undefined variable: username E:\phpstudy\WWW\kaili\App\Home\Controller\IndexController.class.php 第 51 行.

[ 2016-03-15T19:10:30+08:00 ] ::1 /kaili/index.php/Home/Index/conlogin
INFO: [ app_begin ] --START--
INFO: Run Behavior\ReadHtmlCacheBehavior [ RunTime:0.001715s ]
INFO: [ app_begin ] --END-- [ RunTime:0.002689s ]
SQL: SHOW COLUMNS FROM `user` [ RunTime:0.0108s ]
SQL: SELECT * FROM `user` WHERE ( userphone='15238309818' ) LIMIT 1   [ RunTime:0.0010s ]

