[ 2016-03-14T16:03:47+08:00 ] ::1 /
INFO: [ app_init ] --START--
INFO: Run Behavior\BuildLiteBehavior [ RunTime:0.000052s ]
INFO: [ app_init ] --END-- [ RunTime:0.000311s ]
INFO: [ app_begin ] --START--
INFO: Run Behavior\ReadHtmlCacheBehavior [ RunTime:0.003396s ]
INFO: [ app_begin ] --END-- [ RunTime:0.003767s ]
INFO: [ view_parse ] --START--
INFO: [ template_filter ] --START--
INFO: Run Behavior\ContentReplaceBehavior [ RunTime:0.000138s ]
INFO: [ template_filter ] --END-- [ RunTime:0.000391s ]
INFO: Run Behavior\ParseTemplateBehavior [ RunTime:0.160455s ]
INFO: [ view_parse ] --END-- [ RunTime:0.160775s ]
INFO: [ view_filter ] --START--
INFO: Run Behavior\WriteHtmlCacheBehavior [ RunTime:0.002842s ]
INFO: [ view_filter ] --END-- [ RunTime:0.003069s ]
INFO: [ app_end ] --START--
INFO: Run Behavior\ShowPageTraceBehavior [ RunTime:0.003703s ]
INFO: [ app_end ] --END-- [ RunTime:0.003952s ]

[ 2016-03-14T16:14:40+08:00 ] ::1 /
ERR: 模板不存在:./App/Home/View/Index/index.html

[ 2016-03-14T17:08:39+08:00 ] ::1 /index.php/Home/Index/dologin.html
ERR: 非法操作:dologin

[ 2016-03-14T17:10:17+08:00 ] ::1 /index.php/Home/Index/dologin.html
ERR: 非法操作:dologin

[ 2016-03-14T20:02:33+08:00 ] ::1 /index.php/Home/Index/login.html
ERR: SQLSTATE[28000] [1045] Access denied for user ''@'localhost' (using password: NO)

[ 2016-03-14T20:02:34+08:00 ] ::1 /index.php/Home/Index/login
INFO: [ app_begin ] --START--
INFO: Run Behavior\ReadHtmlCacheBehavior [ RunTime:0.002013s ]
INFO: [ app_begin ] --END-- [ RunTime:0.019031s ]
ERR: SQLSTATE[28000] [1045] Access denied for user ''@'localhost' (using password: NO)

[ 2016-03-14T20:03:31+08:00 ] ::1 /index.php/Home/Index/login
INFO: [ app_begin ] --START--
INFO: Run Behavior\ReadHtmlCacheBehavior [ RunTime:0.003224s ]
INFO: [ app_begin ] --END-- [ RunTime:0.007476s ]
ERR: SQLSTATE[28000] [1045] Access denied for user ''@'localhost' (using password: NO)

[ 2016-03-14T20:03:32+08:00 ] ::1 /index.php/Home/Index/login.html
ERR: SQLSTATE[28000] [1045] Access denied for user ''@'localhost' (using password: NO)

[ 2016-03-14T20:05:01+08:00 ] ::1 /index.php/Home/Index/login
INFO: [ app_begin ] --START--
INFO: Run Behavior\ReadHtmlCacheBehavior [ RunTime:0.002067s ]
INFO: [ app_begin ] --END-- [ RunTime:0.003677s ]
ERR: SQLSTATE[28000] [1045] Access denied for user ''@'localhost' (using password: NO)

[ 2016-03-14T20:05:02+08:00 ] ::1 /index.php/Home/Index/login.html
ERR: SQLSTATE[28000] [1045] Access denied for user ''@'localhost' (using password: NO)

[ 2016-03-14T20:05:22+08:00 ] ::1 /index.php/Home/Index/login.html
ERR: SQLSTATE[28000] [1045] Access denied for user ''@'localhost' (using password: NO)

[ 2016-03-14T20:05:23+08:00 ] ::1 /index.php/Home/Index/login
INFO: [ app_begin ] --START--
INFO: Run Behavior\ReadHtmlCacheBehavior [ RunTime:0.001409s ]
INFO: [ app_begin ] --END-- [ RunTime:0.002488s ]
ERR: SQLSTATE[28000] [1045] Access denied for user ''@'localhost' (using password: NO)

[ 2016-03-14T20:07:24+08:00 ] ::1 /index.php/Home/Index/login
INFO: [ app_begin ] --START--
INFO: Run Behavior\ReadHtmlCacheBehavior [ RunTime:0.006097s ]
INFO: [ app_begin ] --END-- [ RunTime:0.009643s ]
ERR: SQLSTATE[28000] [1045] Access denied for user ''@'localhost' (using password: NO)

[ 2016-03-14T20:07:26+08:00 ] ::1 /index.php/Home/Index/login.html
ERR: SQLSTATE[28000] [1045] Access denied for user ''@'localhost' (using password: NO)

[ 2016-03-14T20:07:48+08:00 ] ::1 /index.php/Home/Index/login
INFO: [ app_begin ] --START--
INFO: Run Behavior\ReadHtmlCacheBehavior [ RunTime:0.002040s ]
INFO: [ app_begin ] --END-- [ RunTime:0.004148s ]
ERR: SQLSTATE[28000] [1045] Access denied for user ''@'localhost' (using password: NO)

[ 2016-03-14T20:07:49+08:00 ] ::1 /index.php/Home/Index/login.html
ERR: SQLSTATE[28000] [1045] Access denied for user ''@'localhost' (using password: NO)

[ 2016-03-14T20:12:30+08:00 ] ::1 /index.php/Home/Index/login.html
ERR: SQLSTATE[28000] [1045] Access denied for user ''@'localhost' (using password: NO)

[ 2016-03-14T20:12:31+08:00 ] ::1 /index.php/Home/Index/login
INFO: [ app_begin ] --START--
INFO: Run Behavior\ReadHtmlCacheBehavior [ RunTime:0.002847s ]
INFO: [ app_begin ] --END-- [ RunTime:0.004944s ]
ERR: SQLSTATE[28000] [1045] Access denied for user ''@'localhost' (using password: NO)

[ 2016-03-14T20:19:38+08:00 ] ::1 /kaili/index.php/Home/Index/login.html
ERR: SQLSTATE[28000] [1045] Access denied for user ''@'localhost' (using password: NO)

[ 2016-03-14T20:21:53+08:00 ] ::1 /kaili/index.php/Home/Index/login.html
ERR: SQLSTATE[28000] [1045] Access denied for user ''@'localhost' (using password: NO)

[ 2016-03-14T20:26:52+08:00 ] ::1 /kaili/index.php/Home/Index/login.html
ERR: SQLSTATE[28000] [1045] Access denied for user ''@'localhost' (using password: NO)

[ 2016-03-14T20:29:53+08:00 ] ::1 /kaili/index.php/Home/Index/login.html
ERR: SQLSTATE[28000] [1045] Access denied for user ''@'localhost' (using password: NO)

[ 2016-03-14T20:29:59+08:00 ] ::1 /kaili/index.php/Home/Index/login.html
ERR: SQLSTATE[28000] [1045] Access denied for user ''@'localhost' (using password: NO)

[ 2016-03-14T20:30:05+08:00 ] ::1 /kaili/index.php/Home/Index/login.html
ERR: SQLSTATE[28000] [1045] Access denied for user ''@'localhost' (using password: NO)

[ 2016-03-14T20:32:46+08:00 ] ::1 /kaili/index.php/Home/Index/login.html
ERR: SQLSTATE[28000] [1045] Access denied for user ''@'localhost' (using password: NO)

[ 2016-03-14T20:33:41+08:00 ] ::1 /kaili/index.php/Home/Index/login.html
ERR: SQLSTATE[28000] [1045] Access denied for user ''@'localhost' (using password: NO)

[ 2016-03-14T20:38:37+08:00 ] ::1 /kaili/index.php/Home/Index/login.html
ERR: SQLSTATE[28000] [1045] Access denied for user ''@'localhost' (using password: NO)

[ 2016-03-14T20:39:42+08:00 ] ::1 /kaili/index.php/Home/Index/login.html
ERR: SQLSTATE[28000] [1045] Access denied for user ''@'localhost' (using password: NO)

[ 2016-03-14T20:42:42+08:00 ] ::1 /kaili/index.php/Home/Index/login.html
ERR: SQLSTATE[28000] [1045] Access denied for user ''@'localhost' (using password: NO)

[ 2016-03-14T20:43:54+08:00 ] ::1 /kaili/index.php/Home/Index/login.html
ERR: 1054:Unknown column '$login' in 'where clause'
 [ SQL语句 ] : SELECT * FROM `admin` WHERE ( login=$login ) 

[ 2016-03-14T20:47:19+08:00 ] ::1 /kaili/index.php/Home/Index/login.html
ERR: 1054:Unknown column '$login' in 'where clause'
 [ SQL语句 ] : SELECT * FROM `admin` WHERE ( login=$login ) 

[ 2016-03-14T20:52:59+08:00 ] ::1 /kaili/index.php/Home/Index/login
INFO: [ app_begin ] --START--
INFO: Run Behavior\ReadHtmlCacheBehavior [ RunTime:0.001972s ]
INFO: [ app_begin ] --END-- [ RunTime:0.003180s ]
SQL: SHOW COLUMNS FROM `admin` [ RunTime:0.0118s ]
SQL: SELECT * FROM `admin` WHERE ( login='' )  [ RunTime:0.0010s ]
NOTIC: [8] Undefined index: password E:\phpstudy\WWW\kaili\App\Home\Controller\IndexController.class.php 第 18 行.

[ 2016-03-14T20:53:44+08:00 ] ::1 /kaili/index.php/Home/Index/login
INFO: [ app_begin ] --START--
INFO: Run Behavior\ReadHtmlCacheBehavior [ RunTime:0.001948s ]
INFO: [ app_begin ] --END-- [ RunTime:0.002945s ]
SQL: SHOW COLUMNS FROM `admin` [ RunTime:0.0125s ]
SQL: SELECT * FROM `admin` WHERE ( login='' )  [ RunTime:0.0009s ]
NOTIC: [8] Undefined index: password E:\phpstudy\WWW\kaili\App\Home\Controller\IndexController.class.php 第 18 行.

[ 2016-03-14T20:53:48+08:00 ] ::1 /kaili/index.php/Home/Index/login
INFO: [ app_begin ] --START--
INFO: Run Behavior\ReadHtmlCacheBehavior [ RunTime:0.002675s ]
INFO: [ app_begin ] --END-- [ RunTime:0.004113s ]
SQL: SHOW COLUMNS FROM `admin` [ RunTime:0.0356s ]
SQL: SELECT * FROM `admin` WHERE ( login='' )  [ RunTime:0.0009s ]
NOTIC: [8] Undefined index: password E:\phpstudy\WWW\kaili\App\Home\Controller\IndexController.class.php 第 18 行.

[ 2016-03-14T20:53:52+08:00 ] ::1 /kaili/index.php/Home/Index/login
INFO: [ app_begin ] --START--
INFO: Run Behavior\ReadHtmlCacheBehavior [ RunTime:0.004659s ]
INFO: [ app_begin ] --END-- [ RunTime:0.005825s ]
SQL: SHOW COLUMNS FROM `admin` [ RunTime:0.0125s ]
SQL: SELECT * FROM `admin` WHERE ( login='' )  [ RunTime:0.0010s ]
NOTIC: [8] Undefined index: password E:\phpstudy\WWW\kaili\App\Home\Controller\IndexController.class.php 第 18 行.

[ 2016-03-14T20:54:42+08:00 ] ::1 /kaili/index.php/Home/Index/login
INFO: [ app_begin ] --START--
INFO: Run Behavior\ReadHtmlCacheBehavior [ RunTime:0.001994s ]
INFO: [ app_begin ] --END-- [ RunTime:0.002974s ]
SQL: SHOW COLUMNS FROM `admin` [ RunTime:0.0723s ]
SQL: SELECT * FROM `admin` WHERE ( login='' )  [ RunTime:0.0011s ]
NOTIC: [8] Undefined index: password E:\phpstudy\WWW\kaili\App\Home\Controller\IndexController.class.php 第 18 行.

[ 2016-03-14T20:57:03+08:00 ] ::1 /kaili/index.php/Home/Index/login
INFO: [ app_begin ] --START--
INFO: Run Behavior\ReadHtmlCacheBehavior [ RunTime:0.002505s ]
INFO: [ app_begin ] --END-- [ RunTime:0.003930s ]
SQL: SHOW COLUMNS FROM `admin` [ RunTime:0.0126s ]
SQL: SELECT * FROM `admin` WHERE ( login='' )  [ RunTime:0.0009s ]
NOTIC: [8] Undefined index: password E:\phpstudy\WWW\kaili\App\Home\Controller\IndexController.class.php 第 18 行.

[ 2016-03-14T20:57:08+08:00 ] ::1 /kaili/index.php/Home/Index/login
INFO: [ app_begin ] --START--
INFO: Run Behavior\ReadHtmlCacheBehavior [ RunTime:0.002115s ]
INFO: [ app_begin ] --END-- [ RunTime:0.003208s ]
SQL: SHOW COLUMNS FROM `admin` [ RunTime:0.0132s ]
SQL: SELECT * FROM `admin` WHERE ( login='' )  [ RunTime:0.0008s ]
NOTIC: [8] Undefined index: password E:\phpstudy\WWW\kaili\App\Home\Controller\IndexController.class.php 第 18 行.

[ 2016-03-14T20:57:14+08:00 ] ::1 /kaili/index.php/Home/Index/login
INFO: [ app_begin ] --START--
INFO: Run Behavior\ReadHtmlCacheBehavior [ RunTime:0.002244s ]
INFO: [ app_begin ] --END-- [ RunTime:0.003588s ]
SQL: SHOW COLUMNS FROM `admin` [ RunTime:0.0295s ]
SQL: SELECT * FROM `admin` WHERE ( login='' )  [ RunTime:0.0009s ]
NOTIC: [8] Undefined index: password E:\phpstudy\WWW\kaili\App\Home\Controller\IndexController.class.php 第 18 行.

[ 2016-03-14T20:58:29+08:00 ] ::1 /kaili/index.php/Home/Index/login
INFO: [ app_begin ] --START--
INFO: Run Behavior\ReadHtmlCacheBehavior [ RunTime:0.001942s ]
INFO: [ app_begin ] --END-- [ RunTime:0.003089s ]
SQL: SHOW COLUMNS FROM `admin` [ RunTime:0.0340s ]
SQL: SELECT * FROM `admin` WHERE ( login='' )  [ RunTime:0.0009s ]
NOTIC: [8] Undefined index: password E:\phpstudy\WWW\kaili\App\Home\Controller\IndexController.class.php 第 18 行.

[ 2016-03-14T20:58:33+08:00 ] ::1 /kaili/index.php/Home/Index/login
INFO: [ app_begin ] --START--
INFO: Run Behavior\ReadHtmlCacheBehavior [ RunTime:0.004532s ]
INFO: [ app_begin ] --END-- [ RunTime:0.005760s ]
SQL: SHOW COLUMNS FROM `admin` [ RunTime:0.0130s ]
SQL: SELECT * FROM `admin` WHERE ( login='' )  [ RunTime:0.0012s ]
NOTIC: [8] Undefined index: password E:\phpstudy\WWW\kaili\App\Home\Controller\IndexController.class.php 第 18 行.

[ 2016-03-14T20:58:43+08:00 ] ::1 /kaili/index.php/Home/Index/login
INFO: [ app_begin ] --START--
INFO: Run Behavior\ReadHtmlCacheBehavior [ RunTime:0.005027s ]
INFO: [ app_begin ] --END-- [ RunTime:0.006409s ]
SQL: SHOW COLUMNS FROM `admin` [ RunTime:0.0144s ]
SQL: SELECT * FROM `admin` WHERE ( login='' )  [ RunTime:0.0010s ]
NOTIC: [8] Undefined index: password E:\phpstudy\WWW\kaili\App\Home\Controller\IndexController.class.php 第 18 行.

[ 2016-03-14T20:58:47+08:00 ] ::1 /kaili/index.php/Home/Index/login
INFO: [ app_begin ] --START--
INFO: Run Behavior\ReadHtmlCacheBehavior [ RunTime:0.002103s ]
INFO: [ app_begin ] --END-- [ RunTime:0.003429s ]
SQL: SHOW COLUMNS FROM `admin` [ RunTime:0.0148s ]
SQL: SELECT * FROM `admin` WHERE ( login='' )  [ RunTime:0.0011s ]
NOTIC: [8] Undefined index: password E:\phpstudy\WWW\kaili\App\Home\Controller\IndexController.class.php 第 18 行.

[ 2016-03-14T20:59:15+08:00 ] ::1 /kaili/index.php/Home/Index/login
INFO: [ app_begin ] --START--
INFO: Run Behavior\ReadHtmlCacheBehavior [ RunTime:0.002270s ]
INFO: [ app_begin ] --END-- [ RunTime:0.003406s ]
SQL: SHOW COLUMNS FROM `admin` [ RunTime:0.0123s ]
SQL: SELECT * FROM `admin` WHERE ( login='' )  [ RunTime:0.0011s ]
NOTIC: [8] Undefined index: password E:\phpstudy\WWW\kaili\App\Home\Controller\IndexController.class.php 第 18 行.

[ 2016-03-14T20:59:18+08:00 ] ::1 /kaili/index.php/Home/Index/login
INFO: [ app_begin ] --START--
INFO: Run Behavior\ReadHtmlCacheBehavior [ RunTime:0.002234s ]
INFO: [ app_begin ] --END-- [ RunTime:0.003785s ]
SQL: SHOW COLUMNS FROM `admin` [ RunTime:0.0325s ]
SQL: SELECT * FROM `admin` WHERE ( login='' )  [ RunTime:0.0010s ]
NOTIC: [8] Undefined index: password E:\phpstudy\WWW\kaili\App\Home\Controller\IndexController.class.php 第 18 行.

[ 2016-03-14T21:00:46+08:00 ] ::1 /kaili/index.php/Home/Index/login
INFO: [ app_begin ] --START--
INFO: Run Behavior\ReadHtmlCacheBehavior [ RunTime:0.002223s ]
INFO: [ app_begin ] --END-- [ RunTime:0.003986s ]
SQL: SHOW COLUMNS FROM `admin` [ RunTime:0.0141s ]
SQL: SELECT * FROM `admin` WHERE ( login='' )  [ RunTime:0.0009s ]
NOTIC: [8] Undefined index: password E:\phpstudy\WWW\kaili\App\Home\Controller\IndexController.class.php 第 18 行.

[ 2016-03-14T21:00:49+08:00 ] ::1 /kaili/index.php/Home/Index/login
INFO: [ app_begin ] --START--
INFO: Run Behavior\ReadHtmlCacheBehavior [ RunTime:0.003613s ]
INFO: [ app_begin ] --END-- [ RunTime:0.007346s ]
SQL: SHOW COLUMNS FROM `admin` [ RunTime:0.0250s ]
SQL: SELECT * FROM `admin` WHERE ( login='' )  [ RunTime:0.0008s ]
NOTIC: [8] Undefined index: password E:\phpstudy\WWW\kaili\App\Home\Controller\IndexController.class.php 第 18 行.

[ 2016-03-14T21:00:52+08:00 ] ::1 /kaili/index.php/Home/Index/login
INFO: [ app_begin ] --START--
INFO: Run Behavior\ReadHtmlCacheBehavior [ RunTime:0.002706s ]
INFO: [ app_begin ] --END-- [ RunTime:0.004209s ]
SQL: SHOW COLUMNS FROM `admin` [ RunTime:0.0157s ]
SQL: SELECT * FROM `admin` WHERE ( login='' )  [ RunTime:0.0008s ]
NOTIC: [8] Undefined index: password E:\phpstudy\WWW\kaili\App\Home\Controller\IndexController.class.php 第 18 行.

[ 2016-03-14T21:11:44+08:00 ] ::1 /kaili/index.php/Home/Index/login
INFO: [ app_begin ] --START--
INFO: Run Behavior\ReadHtmlCacheBehavior [ RunTime:0.002158s ]
INFO: [ app_begin ] --END-- [ RunTime:0.003943s ]
SQL: SHOW COLUMNS FROM `admin` [ RunTime:0.0309s ]
SQL: SELECT * FROM `admin` WHERE ( login='' )  [ RunTime:0.0010s ]
NOTIC: [8] Undefined index: password E:\phpstudy\WWW\kaili\App\Home\Controller\IndexController.class.php 第 18 行.

[ 2016-03-14T21:11:48+08:00 ] ::1 /kaili/index.php/Home/Index/login
INFO: [ app_begin ] --START--
INFO: Run Behavior\ReadHtmlCacheBehavior [ RunTime:0.002551s ]
INFO: [ app_begin ] --END-- [ RunTime:0.005916s ]
SQL: SHOW COLUMNS FROM `admin` [ RunTime:0.0128s ]
SQL: SELECT * FROM `admin` WHERE ( login='' )  [ RunTime:0.0010s ]
NOTIC: [8] Undefined index: password E:\phpstudy\WWW\kaili\App\Home\Controller\IndexController.class.php 第 18 行.

[ 2016-03-14T21:12:11+08:00 ] ::1 /kaili/index.php/Home/Index/login
INFO: [ app_begin ] --START--
INFO: Run Behavior\ReadHtmlCacheBehavior [ RunTime:0.002216s ]
INFO: [ app_begin ] --END-- [ RunTime:0.003525s ]
SQL: SHOW COLUMNS FROM `admin` [ RunTime:0.0121s ]
SQL: SELECT * FROM `admin` WHERE ( login='' )  [ RunTime:0.0010s ]
NOTIC: [8] Undefined index: password E:\phpstudy\WWW\kaili\App\Home\Controller\IndexController.class.php 第 18 行.

[ 2016-03-14T21:12:16+08:00 ] ::1 /kaili/index.php/Home/Index/login
INFO: [ app_begin ] --START--
INFO: Run Behavior\ReadHtmlCacheBehavior [ RunTime:0.002188s ]
INFO: [ app_begin ] --END-- [ RunTime:0.003692s ]
SQL: SHOW COLUMNS FROM `admin` [ RunTime:0.0121s ]
SQL: SELECT * FROM `admin` WHERE ( login='' )  [ RunTime:0.0010s ]
NOTIC: [8] Undefined index: password E:\phpstudy\WWW\kaili\App\Home\Controller\IndexController.class.php 第 18 行.

[ 2016-03-14T21:12:37+08:00 ] ::1 /kaili/index.php/Home/Index/login
INFO: [ app_begin ] --START--
INFO: Run Behavior\ReadHtmlCacheBehavior [ RunTime:0.004506s ]
INFO: [ app_begin ] --END-- [ RunTime:0.006827s ]
SQL: SHOW COLUMNS FROM `admin` [ RunTime:0.0123s ]
SQL: SELECT * FROM `admin` WHERE ( login='' )  [ RunTime:0.0011s ]
NOTIC: [8] Undefined index: password E:\phpstudy\WWW\kaili\App\Home\Controller\IndexController.class.php 第 18 行.

[ 2016-03-14T21:13:31+08:00 ] ::1 /kaili/index.php/Home/Index/login
INFO: [ app_begin ] --START--
INFO: Run Behavior\ReadHtmlCacheBehavior [ RunTime:0.002493s ]
INFO: [ app_begin ] --END-- [ RunTime:0.004286s ]
SQL: SHOW COLUMNS FROM `admin` [ RunTime:0.0136s ]
SQL: SELECT * FROM `admin` WHERE ( login='' )  [ RunTime:0.0009s ]
NOTIC: [8] Undefined index: password E:\phpstudy\WWW\kaili\App\Home\Controller\IndexController.class.php 第 18 行.

[ 2016-03-14T21:13:51+08:00 ] ::1 /kaili/index.php/Home/Index/login
INFO: [ app_begin ] --START--
INFO: Run Behavior\ReadHtmlCacheBehavior [ RunTime:0.002317s ]
INFO: [ app_begin ] --END-- [ RunTime:0.004017s ]
SQL: SHOW COLUMNS FROM `admin` [ RunTime:0.0129s ]
SQL: SELECT * FROM `admin` WHERE ( login='' )  [ RunTime:0.0011s ]
NOTIC: [8] Undefined index: password E:\phpstudy\WWW\kaili\App\Home\Controller\IndexController.class.php 第 18 行.

[ 2016-03-14T21:18:33+08:00 ] ::1 /kaili/index.php/Home/Index/login
INFO: [ app_begin ] --START--
INFO: Run Behavior\ReadHtmlCacheBehavior [ RunTime:0.002176s ]
INFO: [ app_begin ] --END-- [ RunTime:0.003500s ]

[ 2016-03-14T21:18:36+08:00 ] ::1 /kaili/index.php/Home/Index/login
INFO: [ app_begin ] --START--
INFO: Run Behavior\ReadHtmlCacheBehavior [ RunTime:0.002268s ]
INFO: [ app_begin ] --END-- [ RunTime:0.004003s ]

[ 2016-03-14T21:19:14+08:00 ] ::1 /kaili/index.php/Home/Index/login
INFO: [ app_begin ] --START--
INFO: Run Behavior\ReadHtmlCacheBehavior [ RunTime:0.002137s ]
INFO: [ app_begin ] --END-- [ RunTime:0.003507s ]
SQL: SHOW COLUMNS FROM `admin` [ RunTime:0.0124s ]
SQL: SELECT * FROM `admin` WHERE ( login='' )  [ RunTime:0.0009s ]
NOTIC: [8] Undefined index: password E:\phpstudy\WWW\kaili\App\Home\Controller\IndexController.class.php 第 27 行.

[ 2016-03-14T21:19:40+08:00 ] ::1 /kaili/index.php/Home/Index/login
INFO: [ app_begin ] --START--
INFO: Run Behavior\ReadHtmlCacheBehavior [ RunTime:0.004110s ]
INFO: [ app_begin ] --END-- [ RunTime:0.005289s ]

[ 2016-03-14T21:19:43+08:00 ] ::1 /kaili/index.php/Home/Index/login
INFO: [ app_begin ] --START--
INFO: Run Behavior\ReadHtmlCacheBehavior [ RunTime:0.002420s ]
INFO: [ app_begin ] --END-- [ RunTime:0.003760s ]

[ 2016-03-14T21:20:45+08:00 ] ::1 /kaili/index.php/Home/Index/login
INFO: [ app_begin ] --START--
INFO: Run Behavior\ReadHtmlCacheBehavior [ RunTime:0.002295s ]
INFO: [ app_begin ] --END-- [ RunTime:0.005397s ]

[ 2016-03-14T21:20:49+08:00 ] ::1 /kaili/index.php/Home/Index/login
INFO: [ app_begin ] --START--
INFO: Run Behavior\ReadHtmlCacheBehavior [ RunTime:0.002272s ]
INFO: [ app_begin ] --END-- [ RunTime:0.003538s ]

[ 2016-03-14T21:25:28+08:00 ] ::1 /kaili/index.php/Home/Index/login
INFO: [ app_begin ] --START--
INFO: Run Behavior\ReadHtmlCacheBehavior [ RunTime:0.002149s ]
INFO: [ app_begin ] --END-- [ RunTime:0.003494s ]

[ 2016-03-14T21:26:56+08:00 ] ::1 /kaili/index.php/Home/Index/login
INFO: [ app_begin ] --START--
INFO: Run Behavior\ReadHtmlCacheBehavior [ RunTime:0.002120s ]
INFO: [ app_begin ] --END-- [ RunTime:0.006473s ]

[ 2016-03-14T21:27:24+08:00 ] ::1 /kaili/index.php/Home/Index/login
INFO: [ app_begin ] --START--
INFO: Run Behavior\ReadHtmlCacheBehavior [ RunTime:0.002850s ]
INFO: [ app_begin ] --END-- [ RunTime:0.004312s ]

[ 2016-03-14T21:27:34+08:00 ] ::1 /kaili/index.php/Home/Index/login
INFO: [ app_begin ] --START--
INFO: Run Behavior\ReadHtmlCacheBehavior [ RunTime:0.004881s ]
INFO: [ app_begin ] --END-- [ RunTime:0.006170s ]

[ 2016-03-14T21:27:37+08:00 ] ::1 /kaili/index.php/Home/Index/login
INFO: [ app_begin ] --START--
INFO: Run Behavior\ReadHtmlCacheBehavior [ RunTime:0.002153s ]
INFO: [ app_begin ] --END-- [ RunTime:0.003961s ]

[ 2016-03-14T21:54:25+08:00 ] ::1 /kaili/index.php/Home/Index/login
INFO: [ app_begin ] --START--
INFO: Run Behavior\ReadHtmlCacheBehavior [ RunTime:0.013304s ]
INFO: [ app_begin ] --END-- [ RunTime:0.014623s ]

[ 2016-03-14T21:54:31+08:00 ] ::1 /kaili/index.php/Home/Index/login
INFO: [ app_begin ] --START--
INFO: Run Behavior\ReadHtmlCacheBehavior [ RunTime:0.002516s ]
INFO: [ app_begin ] --END-- [ RunTime:0.003558s ]

[ 2016-03-14T21:54:36+08:00 ] ::1 /kaili/index.php/Home/Index/login
INFO: [ app_begin ] --START--
INFO: Run Behavior\ReadHtmlCacheBehavior [ RunTime:0.002023s ]
INFO: [ app_begin ] --END-- [ RunTime:0.003670s ]

[ 2016-03-14T21:54:40+08:00 ] ::1 /kaili/index.php/Home/Index/login
INFO: [ app_begin ] --START--
INFO: Run Behavior\ReadHtmlCacheBehavior [ RunTime:0.002355s ]
INFO: [ app_begin ] --END-- [ RunTime:0.004323s ]

[ 2016-03-14T21:54:42+08:00 ] ::1 /kaili/index.php/Home/Index/login
INFO: [ app_begin ] --START--
INFO: Run Behavior\ReadHtmlCacheBehavior [ RunTime:0.002190s ]
INFO: [ app_begin ] --END-- [ RunTime:0.003302s ]

[ 2016-03-14T21:54:53+08:00 ] ::1 /kaili/index.php/Home/Index/login
INFO: [ app_begin ] --START--
INFO: Run Behavior\ReadHtmlCacheBehavior [ RunTime:0.001908s ]
INFO: [ app_begin ] --END-- [ RunTime:0.003258s ]

[ 2016-03-14T21:56:38+08:00 ] ::1 /kaili/index.php/Home/Index/login
INFO: [ app_begin ] --START--
INFO: Run Behavior\ReadHtmlCacheBehavior [ RunTime:0.002268s ]
INFO: [ app_begin ] --END-- [ RunTime:0.004135s ]

[ 2016-03-14T21:56:41+08:00 ] ::1 /kaili/index.php/Home/Index/login
INFO: [ app_begin ] --START--
INFO: Run Behavior\ReadHtmlCacheBehavior [ RunTime:0.002330s ]
INFO: [ app_begin ] --END-- [ RunTime:0.005298s ]

[ 2016-03-14T21:56:53+08:00 ] ::1 /kaili/index.php/Home/Index/login
INFO: [ app_begin ] --START--
INFO: Run Behavior\ReadHtmlCacheBehavior [ RunTime:0.002052s ]
INFO: [ app_begin ] --END-- [ RunTime:0.003324s ]

[ 2016-03-14T21:57:20+08:00 ] ::1 /kaili/index.php/Home/Index/login
INFO: [ app_begin ] --START--
INFO: Run Behavior\ReadHtmlCacheBehavior [ RunTime:0.002533s ]
INFO: [ app_begin ] --END-- [ RunTime:0.004157s ]

[ 2016-03-14T21:57:42+08:00 ] ::1 /kaili/index.php/Home/Index/login
INFO: [ app_begin ] --START--
INFO: Run Behavior\ReadHtmlCacheBehavior [ RunTime:0.002517s ]
INFO: [ app_begin ] --END-- [ RunTime:0.003865s ]

[ 2016-03-14T23:05:07+08:00 ] ::1 /kaili/index.php/Home/Index/login.html
INFO: [ app_begin ] --START--
INFO: Run Behavior\ReadHtmlCacheBehavior [ RunTime:0.002199s ]
INFO: [ app_begin ] --END-- [ RunTime:0.003788s ]
SQL: SHOW COLUMNS FROM `admin` [ RunTime:0.0954s ]
SQL: SELECT * FROM `admin` WHERE ( login='root' )  [ RunTime:0.0015s ]
NOTIC: [8] Undefined index: password E:\phpstudy\WWW\kaili\App\Home\Controller\IndexController.class.php 第 23 行.

[ 2016-03-14T23:05:17+08:00 ] ::1 /kaili/index.php/Home/Index/login.html
INFO: [ app_begin ] --START--
INFO: Run Behavior\ReadHtmlCacheBehavior [ RunTime:0.001644s ]
INFO: [ app_begin ] --END-- [ RunTime:0.003004s ]
SQL: SHOW COLUMNS FROM `admin` [ RunTime:0.0211s ]
SQL: SELECT * FROM `admin` WHERE ( login='root' )  [ RunTime:0.0019s ]
NOTIC: [8] Undefined index: password E:\phpstudy\WWW\kaili\App\Home\Controller\IndexController.class.php 第 23 行.

[ 2016-03-14T23:05:37+08:00 ] ::1 /kaili/index.php/Home/Index/login.html
INFO: [ app_begin ] --START--
INFO: Run Behavior\ReadHtmlCacheBehavior [ RunTime:0.001700s ]
INFO: [ app_begin ] --END-- [ RunTime:0.003522s ]
SQL: SHOW COLUMNS FROM `admin` [ RunTime:0.0222s ]
SQL: SELECT * FROM `admin` WHERE ( login='root' )  [ RunTime:0.0015s ]
NOTIC: [8] Undefined index: password E:\phpstudy\WWW\kaili\App\Home\Controller\IndexController.class.php 第 23 行.

[ 2016-03-14T23:11:38+08:00 ] ::1 /kaili/index.php/Home/Index/login.html
INFO: [ app_begin ] --START--
INFO: Run Behavior\ReadHtmlCacheBehavior [ RunTime:0.002087s ]
INFO: [ app_begin ] --END-- [ RunTime:0.003487s ]

[ 2016-03-14T23:43:37+08:00 ] ::1 /kaili/index.php/Home/Index/login
INFO: [ app_begin ] --START--
INFO: Run Behavior\ReadHtmlCacheBehavior [ RunTime:0.001939s ]
INFO: [ app_begin ] --END-- [ RunTime:0.003346s ]

[ 2016-03-14T23:44:30+08:00 ] ::1 /kaili/index.php/Home/Index/login
INFO: [ app_begin ] --START--
INFO: Run Behavior\ReadHtmlCacheBehavior [ RunTime:0.001218s ]
INFO: [ app_begin ] --END-- [ RunTime:0.002130s ]
SQL: SHOW COLUMNS FROM `admin` [ RunTime:0.0238s ]
SQL: SELECT * FROM `admin` WHERE ( login='root' )  [ RunTime:0.0009s ]
NOTIC: [8] Undefined index: password E:\phpstudy\WWW\kaili\App\Home\Controller\IndexController.class.php 第 23 行.

[ 2016-03-14T23:45:20+08:00 ] ::1 /kaili/index.php/Home/Index/login
INFO: [ app_begin ] --START--
INFO: Run Behavior\ReadHtmlCacheBehavior [ RunTime:0.001279s ]
INFO: [ app_begin ] --END-- [ RunTime:0.002400s ]
SQL: SHOW COLUMNS FROM `admin` [ RunTime:0.0107s ]
SQL: SELECT * FROM `admin` WHERE ( login='root' )  [ RunTime:0.0009s ]
NOTIC: [8] Undefined index: password E:\phpstudy\WWW\kaili\App\Home\Controller\IndexController.class.php 第 23 行.

[ 2016-03-14T23:45:41+08:00 ] ::1 /kaili/index.php/Home/Index/login
INFO: [ app_begin ] --START--
INFO: Run Behavior\ReadHtmlCacheBehavior [ RunTime:0.002120s ]
INFO: [ app_begin ] --END-- [ RunTime:0.003818s ]
SQL: SHOW COLUMNS FROM `admin` [ RunTime:0.0107s ]
SQL: SELECT * FROM `admin` WHERE ( login='root' )  [ RunTime:0.0008s ]
NOTIC: [8] Undefined index: password E:\phpstudy\WWW\kaili\App\Home\Controller\IndexController.class.php 第 23 行.

[ 2016-03-14T23:46:43+08:00 ] ::1 /kaili/index.php/Home/Index/login
INFO: [ app_begin ] --START--
INFO: Run Behavior\ReadHtmlCacheBehavior [ RunTime:0.001332s ]
INFO: [ app_begin ] --END-- [ RunTime:0.002790s ]
SQL: SHOW COLUMNS FROM `admin` [ RunTime:0.0127s ]
SQL: SELECT * FROM `admin` WHERE ( login='root' )  [ RunTime:0.0010s ]
NOTIC: [8] Undefined index: password E:\phpstudy\WWW\kaili\App\Home\Controller\IndexController.class.php 第 23 行.

[ 2016-03-14T23:46:49+08:00 ] ::1 /kaili/index.php/Home/Index/login
INFO: [ app_begin ] --START--
INFO: Run Behavior\ReadHtmlCacheBehavior [ RunTime:0.001271s ]
INFO: [ app_begin ] --END-- [ RunTime:0.002392s ]
SQL: SHOW COLUMNS FROM `admin` [ RunTime:0.0121s ]
SQL: SELECT * FROM `admin` WHERE ( login='root' )  [ RunTime:0.0010s ]
NOTIC: [8] Undefined index: password E:\phpstudy\WWW\kaili\App\Home\Controller\IndexController.class.php 第 23 行.

[ 2016-03-14T23:47:07+08:00 ] ::1 /kaili/index.php/Home/Index/login
INFO: [ app_begin ] --START--
INFO: Run Behavior\ReadHtmlCacheBehavior [ RunTime:0.001239s ]
INFO: [ app_begin ] --END-- [ RunTime:0.002301s ]

[ 2016-03-14T23:47:27+08:00 ] ::1 /kaili/index.php/Home/Index/login
INFO: [ app_begin ] --START--
INFO: Run Behavior\ReadHtmlCacheBehavior [ RunTime:0.001645s ]
INFO: [ app_begin ] --END-- [ RunTime:0.003509s ]
SQL: SHOW COLUMNS FROM `admin` [ RunTime:0.0106s ]
SQL: SELECT * FROM `admin` WHERE ( login='root' )  [ RunTime:0.0010s ]
NOTIC: [8] Undefined index: password E:\phpstudy\WWW\kaili\App\Home\Controller\IndexController.class.php 第 23 行.

[ 2016-03-14T23:47:58+08:00 ] ::1 /kaili/index.php/Home/Index/login
INFO: [ app_begin ] --START--
INFO: Run Behavior\ReadHtmlCacheBehavior [ RunTime:0.001623s ]
INFO: [ app_begin ] --END-- [ RunTime:0.002698s ]
SQL: SHOW COLUMNS FROM `admin` [ RunTime:0.0117s ]
SQL: SELECT * FROM `admin` WHERE ( login='root' )  [ RunTime:0.0010s ]
NOTIC: [8] Undefined index: password E:\phpstudy\WWW\kaili\App\Home\Controller\IndexController.class.php 第 23 行.

[ 2016-03-14T23:48:17+08:00 ] ::1 /kaili/index.php/Home/Index/login
INFO: [ app_begin ] --START--
INFO: Run Behavior\ReadHtmlCacheBehavior [ RunTime:0.001524s ]
INFO: [ app_begin ] --END-- [ RunTime:0.002794s ]
SQL: SHOW COLUMNS FROM `admin` [ RunTime:0.0114s ]
SQL: SELECT * FROM `admin` WHERE ( login='root' )  [ RunTime:0.0009s ]
NOTIC: [8] Undefined index: password E:\phpstudy\WWW\kaili\App\Home\Controller\IndexController.class.php 第 23 行.

[ 2016-03-14T23:48:39+08:00 ] ::1 /kaili/index.php/Home/Index/login
INFO: [ app_begin ] --START--
INFO: Run Behavior\ReadHtmlCacheBehavior [ RunTime:0.001338s ]
INFO: [ app_begin ] --END-- [ RunTime:0.002560s ]

[ 2016-03-14T23:49:31+08:00 ] ::1 /kaili/index.php/Home/Index/login
INFO: [ app_begin ] --START--
INFO: Run Behavior\ReadHtmlCacheBehavior [ RunTime:0.001447s ]
INFO: [ app_begin ] --END-- [ RunTime:0.002714s ]
SQL: SHOW COLUMNS FROM `admin` [ RunTime:0.0116s ]
SQL: SELECT * FROM `admin` WHERE ( login='root' )  [ RunTime:0.0009s ]
NOTIC: [8] Undefined index: password E:\phpstudy\WWW\kaili\App\Home\Controller\IndexController.class.php 第 23 行.
NOTIC: [8] Undefined index: password E:\phpstudy\WWW\kaili\App\Home\Controller\IndexController.class.php 第 24 行.

[ 2016-03-14T23:50:32+08:00 ] ::1 /kaili/index.php/Home/Index/login
INFO: [ app_begin ] --START--
INFO: Run Behavior\ReadHtmlCacheBehavior [ RunTime:0.001886s ]
INFO: [ app_begin ] --END-- [ RunTime:0.003268s ]
SQL: SHOW COLUMNS FROM `admin` [ RunTime:0.0140s ]
SQL: SELECT * FROM `admin` WHERE ( login='root' )  [ RunTime:0.0007s ]
NOTIC: [8] Undefined index: id E:\phpstudy\WWW\kaili\App\Home\Controller\IndexController.class.php 第 23 行.
NOTIC: [8] Undefined index: password E:\phpstudy\WWW\kaili\App\Home\Controller\IndexController.class.php 第 24 行.

[ 2016-03-14T23:50:54+08:00 ] ::1 /kaili/index.php/Home/Index/login
INFO: [ app_begin ] --START--
INFO: Run Behavior\ReadHtmlCacheBehavior [ RunTime:0.001485s ]
INFO: [ app_begin ] --END-- [ RunTime:0.002781s ]
SQL: SHOW COLUMNS FROM `admin` [ RunTime:0.0112s ]
SQL: SELECT * FROM `admin` WHERE ( login='root' ) LIMIT 1   [ RunTime:0.0008s ]

[ 2016-03-14T23:51:31+08:00 ] ::1 /kaili/index.php/Home/Index/login
INFO: [ app_begin ] --START--
INFO: Run Behavior\ReadHtmlCacheBehavior [ RunTime:0.001278s ]
INFO: [ app_begin ] --END-- [ RunTime:0.002384s ]
SQL: SHOW COLUMNS FROM `admin` [ RunTime:0.0107s ]
SQL: SELECT * FROM `admin` WHERE ( login='root' ) LIMIT 1   [ RunTime:0.0010s ]

