[ 2016-04-02T09:16:29+08:00 ] ::1 /yibo/
INFO: [ app_init ] --START--
INFO: Run Behavior\BuildLiteBehavior [ RunTime:0.000057s ]
INFO: [ app_init ] --END-- [ RunTime:0.032599s ]
INFO: [ app_begin ] --START--
INFO: Run Behavior\ReadHtmlCacheBehavior [ RunTime:0.002394s ]
INFO: [ app_begin ] --END-- [ RunTime:0.002638s ]
INFO: [ view_parse ] --START--
INFO: [ template_filter ] --START--
INFO: Run Behavior\ContentReplaceBehavior [ RunTime:0.000196s ]
INFO: [ template_filter ] --END-- [ RunTime:0.000425s ]
INFO: Run Behavior\ParseTemplateBehavior [ RunTime:0.075228s ]
INFO: [ view_parse ] --END-- [ RunTime:0.075499s ]
INFO: [ view_filter ] --START--
INFO: Run Behavior\WriteHtmlCacheBehavior [ RunTime:0.001650s ]
INFO: [ view_filter ] --END-- [ RunTime:0.001871s ]
INFO: [ app_end ] --START--
INFO: Run Behavior\ShowPageTraceBehavior [ RunTime:0.016165s ]
INFO: [ app_end ] --END-- [ RunTime:0.016413s ]

[ 2016-04-02T09:16:47+08:00 ] ::1 /yibo/index.php/Home/Pc/login
INFO: [ app_init ] --START--
INFO: Run Behavior\BuildLiteBehavior [ RunTime:0.000052s ]
INFO: [ app_init ] --END-- [ RunTime:0.001196s ]
INFO: [ app_begin ] --START--
INFO: Run Behavior\ReadHtmlCacheBehavior [ RunTime:0.001739s ]
INFO: [ app_begin ] --END-- [ RunTime:0.001944s ]
SQL: SHOW COLUMNS FROM `admin` [ RunTime:1.1326s ]
SQL: SELECT * FROM `admin` WHERE ( login='admin' ) LIMIT 1   [ RunTime:0.0017s ]

[ 2016-04-02T09:16:49+08:00 ] ::1 /yibo/index.php/Home/Pc/index.html
INFO: [ app_init ] --START--
INFO: Run Behavior\BuildLiteBehavior [ RunTime:0.000049s ]
INFO: [ app_init ] --END-- [ RunTime:0.001035s ]
INFO: [ app_begin ] --START--
INFO: Run Behavior\ReadHtmlCacheBehavior [ RunTime:0.001343s ]
INFO: [ app_begin ] --END-- [ RunTime:0.001561s ]
SQL: SHOW COLUMNS FROM `record` [ RunTime:0.2861s ]
SQL: DELETE FROM `record` WHERE ( time <='2015-04-03 00:00:00' ) [ RunTime:0.0207s ]
SQL: SELECT * FROM `record` WHERE ( time>='2016-04-02 07:00:00' and time <='2016-04-03 07:00:00' ) ORDER BY time  [ RunTime:0.0016s ]
NOTIC: [8] Undefined variable: sum E:\phpstudy\WWW\yibo\App\Home\Controller\PcController.class.php 第 38 行.
INFO: [ view_parse ] --START--
INFO: [ template_filter ] --START--
INFO: Run Behavior\ContentReplaceBehavior [ RunTime:0.000234s ]
INFO: [ template_filter ] --END-- [ RunTime:0.000488s ]
INFO: Run Behavior\ParseTemplateBehavior [ RunTime:0.299876s ]
INFO: [ view_parse ] --END-- [ RunTime:0.300129s ]
INFO: [ view_filter ] --START--
INFO: Run Behavior\WriteHtmlCacheBehavior [ RunTime:0.001202s ]
INFO: [ view_filter ] --END-- [ RunTime:0.001395s ]
INFO: [ app_end ] --START--
INFO: Run Behavior\ShowPageTraceBehavior [ RunTime:0.002004s ]
INFO: [ app_end ] --END-- [ RunTime:0.002290s ]

[ 2016-04-02T09:31:24+08:00 ] ::1 /yibo/index.php/Home/Pc/index
INFO: [ app_init ] --START--
INFO: Run Behavior\BuildLiteBehavior [ RunTime:0.000065s ]
INFO: [ app_init ] --END-- [ RunTime:0.008018s ]
INFO: [ app_begin ] --START--
INFO: Run Behavior\ReadHtmlCacheBehavior [ RunTime:0.004972s ]
INFO: [ app_begin ] --END-- [ RunTime:0.005289s ]
SQL: SHOW COLUMNS FROM `record` [ RunTime:0.0630s ]
SQL: DELETE FROM `record` WHERE ( time <='2015-04-03 00:00:00' ) [ RunTime:0.0011s ]
SQL: SELECT * FROM `record` WHERE ( time>='2016-04-02 07:00:00' and time <='2016-04-03 07:00:00' ) ORDER BY time  [ RunTime:0.0014s ]
NOTIC: [8] Undefined variable: sum E:\phpstudy\WWW\yibo\App\Home\Controller\PcController.class.php 第 38 行.
INFO: [ view_parse ] --START--
INFO: [ template_filter ] --START--
INFO: Run Behavior\ContentReplaceBehavior [ RunTime:0.000560s ]
INFO: [ template_filter ] --END-- [ RunTime:0.001091s ]
INFO: Run Behavior\ParseTemplateBehavior [ RunTime:0.142069s ]
INFO: [ view_parse ] --END-- [ RunTime:0.142366s ]
INFO: [ view_filter ] --START--
INFO: Run Behavior\WriteHtmlCacheBehavior [ RunTime:0.040732s ]
INFO: [ view_filter ] --END-- [ RunTime:0.041060s ]
INFO: [ app_end ] --START--
INFO: Run Behavior\ShowPageTraceBehavior [ RunTime:0.015803s ]
INFO: [ app_end ] --END-- [ RunTime:0.016051s ]

[ 2016-04-02T09:31:31+08:00 ] ::1 /yibo/index.php/Home/Pc
INFO: [ app_init ] --START--
INFO: Run Behavior\BuildLiteBehavior [ RunTime:0.000845s ]
INFO: [ app_init ] --END-- [ RunTime:0.002508s ]
INFO: [ app_begin ] --START--
INFO: Run Behavior\ReadHtmlCacheBehavior [ RunTime:0.002254s ]
INFO: [ app_begin ] --END-- [ RunTime:0.002567s ]
SQL: SHOW COLUMNS FROM `record` [ RunTime:0.0149s ]
SQL: SELECT * FROM `record` WHERE ( time>='2016-04-01 07:00:00' and time <='2016-04-02 07:00:00' ) ORDER BY time  [ RunTime:0.0025s ]
NOTIC: [8] Undefined variable: sum E:\phpstudy\WWW\yibo\App\Home\Controller\PcController.class.php 第 48 行.
NOTIC: [8] Undefined index: put E:\phpstudy\WWW\yibo\App\Home\Controller\PcController.class.php 第 48 行.
NOTIC: [8] Undefined index: out E:\phpstudy\WWW\yibo\App\Home\Controller\PcController.class.php 第 49 行.
NOTIC: [8] Undefined index: out2 E:\phpstudy\WWW\yibo\App\Home\Controller\PcController.class.php 第 50 行.
NOTIC: [8] Undefined index: give E:\phpstudy\WWW\yibo\App\Home\Controller\PcController.class.php 第 51 行.
NOTIC: [8] Undefined index: turn E:\phpstudy\WWW\yibo\App\Home\Controller\PcController.class.php 第 52 行.
NOTIC: [8] Undefined index: coturn E:\phpstudy\WWW\yibo\App\Home\Controller\PcController.class.php 第 53 行.
INFO: [ view_parse ] --START--
INFO: [ template_filter ] --START--
INFO: Run Behavior\ContentReplaceBehavior [ RunTime:0.000229s ]
INFO: [ template_filter ] --END-- [ RunTime:0.000639s ]
NOTIC: [8] Undefined variable: time E:\phpstudy\WWW\yibo\App\Runtime\Cache\Home\1c916ccf4292ba2016e2b7201e8633ce.php 第 67 行.
INFO: Run Behavior\ParseTemplateBehavior [ RunTime:0.034657s ]
INFO: [ view_parse ] --END-- [ RunTime:0.034881s ]
INFO: [ view_filter ] --START--
INFO: Run Behavior\WriteHtmlCacheBehavior [ RunTime:0.000923s ]
INFO: [ view_filter ] --END-- [ RunTime:0.001124s ]
INFO: [ app_end ] --START--
INFO: Run Behavior\ShowPageTraceBehavior [ RunTime:0.003155s ]
INFO: [ app_end ] --END-- [ RunTime:0.003399s ]

[ 2016-04-02T09:31:48+08:00 ] ::1 /yibo/index.php/Home/Pc/qitain
INFO: [ app_init ] --START--
INFO: Run Behavior\BuildLiteBehavior [ RunTime:0.000057s ]
INFO: [ app_init ] --END-- [ RunTime:0.001836s ]
INFO: [ app_begin ] --START--
INFO: Run Behavior\ReadHtmlCacheBehavior [ RunTime:0.001909s ]
INFO: [ app_begin ] --END-- [ RunTime:0.002257s ]
SQL: SHOW COLUMNS FROM `record` [ RunTime:0.0177s ]
SQL: SELECT * FROM `record` WHERE ( time>='2016-03-26 07:00:00' and time<='2016-04-02 07:00:00' ) ORDER BY time  [ RunTime:0.0044s ]
NOTIC: [8] Undefined variable: sum E:\phpstudy\WWW\yibo\App\Home\Controller\PcController.class.php 第 349 行.
NOTIC: [8] Undefined index: put E:\phpstudy\WWW\yibo\App\Home\Controller\PcController.class.php 第 349 行.
NOTIC: [8] Undefined index: out E:\phpstudy\WWW\yibo\App\Home\Controller\PcController.class.php 第 350 行.
NOTIC: [8] Undefined index: out2 E:\phpstudy\WWW\yibo\App\Home\Controller\PcController.class.php 第 351 行.
NOTIC: [8] Undefined index: give E:\phpstudy\WWW\yibo\App\Home\Controller\PcController.class.php 第 352 行.
NOTIC: [8] Undefined index: turn E:\phpstudy\WWW\yibo\App\Home\Controller\PcController.class.php 第 353 行.
NOTIC: [8] Undefined index: coturn E:\phpstudy\WWW\yibo\App\Home\Controller\PcController.class.php 第 354 行.
NOTIC: [8] Undefined variable: mac E:\phpstudy\WWW\yibo\App\Home\Controller\PcController.class.php 第 359 行.
NOTIC: [8] Undefined variable: pos E:\phpstudy\WWW\yibo\App\Home\Controller\PcController.class.php 第 360 行.
INFO: [ view_parse ] --START--
INFO: [ template_filter ] --START--
INFO: Run Behavior\ContentReplaceBehavior [ RunTime:0.000219s ]
INFO: [ template_filter ] --END-- [ RunTime:0.000463s ]
INFO: Run Behavior\ParseTemplateBehavior [ RunTime:0.075305s ]
INFO: [ view_parse ] --END-- [ RunTime:0.075584s ]
INFO: [ view_filter ] --START--
INFO: Run Behavior\WriteHtmlCacheBehavior [ RunTime:0.001114s ]
INFO: [ view_filter ] --END-- [ RunTime:0.001349s ]
INFO: [ app_end ] --START--
INFO: Run Behavior\ShowPageTraceBehavior [ RunTime:0.004331s ]
INFO: [ app_end ] --END-- [ RunTime:0.004724s ]

[ 2016-04-02T09:31:58+08:00 ] ::1 /yibo/index.php/Home/Pc/month
INFO: [ app_init ] --START--
INFO: Run Behavior\BuildLiteBehavior [ RunTime:0.000061s ]
INFO: [ app_init ] --END-- [ RunTime:0.001250s ]
INFO: [ app_begin ] --START--
INFO: Run Behavior\ReadHtmlCacheBehavior [ RunTime:0.001815s ]
INFO: [ app_begin ] --END-- [ RunTime:0.002083s ]
SQL: SHOW COLUMNS FROM `record` [ RunTime:0.0756s ]
SQL: SELECT * FROM `record` WHERE ( time>='2016-04-01 00:00:00' and time <='2016-04-31 23:59:59' ) ORDER BY time  [ RunTime:0.0024s ]
NOTIC: [8] Undefined variable: sum E:\phpstudy\WWW\yibo\App\Home\Controller\PcController.class.php 第 72 行.
NOTIC: [8] Undefined index: put E:\phpstudy\WWW\yibo\App\Home\Controller\PcController.class.php 第 72 行.
NOTIC: [8] Undefined index: out E:\phpstudy\WWW\yibo\App\Home\Controller\PcController.class.php 第 73 行.
NOTIC: [8] Undefined index: out2 E:\phpstudy\WWW\yibo\App\Home\Controller\PcController.class.php 第 74 行.
NOTIC: [8] Undefined index: give E:\phpstudy\WWW\yibo\App\Home\Controller\PcController.class.php 第 75 行.
NOTIC: [8] Undefined index: turn E:\phpstudy\WWW\yibo\App\Home\Controller\PcController.class.php 第 76 行.
NOTIC: [8] Undefined index: coturn E:\phpstudy\WWW\yibo\App\Home\Controller\PcController.class.php 第 77 行.
INFO: [ view_parse ] --START--
INFO: [ template_filter ] --START--
INFO: Run Behavior\ContentReplaceBehavior [ RunTime:0.000251s ]
INFO: [ template_filter ] --END-- [ RunTime:0.000533s ]
INFO: Run Behavior\ParseTemplateBehavior [ RunTime:0.059691s ]
INFO: [ view_parse ] --END-- [ RunTime:0.059973s ]
INFO: [ view_filter ] --START--
INFO: Run Behavior\WriteHtmlCacheBehavior [ RunTime:0.001205s ]
INFO: [ view_filter ] --END-- [ RunTime:0.001438s ]
INFO: [ app_end ] --START--
INFO: Run Behavior\ShowPageTraceBehavior [ RunTime:0.002638s ]
INFO: [ app_end ] --END-- [ RunTime:0.002932s ]

[ 2016-04-02T09:32:02+08:00 ] ::1 /yibo/index.php/Home/Pc/admin
INFO: [ app_init ] --START--
INFO: Run Behavior\BuildLiteBehavior [ RunTime:0.000093s ]
INFO: [ app_init ] --END-- [ RunTime:0.001899s ]
INFO: [ app_begin ] --START--
INFO: Run Behavior\ReadHtmlCacheBehavior [ RunTime:0.001474s ]
INFO: [ app_begin ] --END-- [ RunTime:0.001749s ]
SQL: SHOW COLUMNS FROM `admin` [ RunTime:0.0438s ]
SQL: SELECT * FROM `admin` WHERE ( level=0 )  [ RunTime:0.0010s ]
SQL: SELECT * FROM `admin` WHERE ( level=1 )  [ RunTime:0.0009s ]
SQL: SELECT * FROM `admin` WHERE ( level=2 )  [ RunTime:0.0009s ]
SQL: SHOW COLUMNS FROM `user` [ RunTime:0.0662s ]
SQL: SELECT * FROM `user`  [ RunTime:0.0011s ]
INFO: [ view_parse ] --START--
INFO: [ template_filter ] --START--
INFO: Run Behavior\ContentReplaceBehavior [ RunTime:0.000280s ]
INFO: [ template_filter ] --END-- [ RunTime:0.000538s ]
INFO: Run Behavior\ParseTemplateBehavior [ RunTime:0.072857s ]
INFO: [ view_parse ] --END-- [ RunTime:0.073202s ]
INFO: [ view_filter ] --START--
INFO: Run Behavior\WriteHtmlCacheBehavior [ RunTime:0.001014s ]
INFO: [ view_filter ] --END-- [ RunTime:0.001231s ]
INFO: [ app_end ] --START--
INFO: Run Behavior\ShowPageTraceBehavior [ RunTime:0.002852s ]
INFO: [ app_end ] --END-- [ RunTime:0.003239s ]

[ 2016-04-02T09:32:04+08:00 ] ::1 /yibo/index.php/Home/Pc/user
INFO: [ app_init ] --START--
INFO: Run Behavior\BuildLiteBehavior [ RunTime:0.000055s ]
INFO: [ app_init ] --END-- [ RunTime:0.001120s ]
INFO: [ app_begin ] --START--
INFO: Run Behavior\ReadHtmlCacheBehavior [ RunTime:0.002272s ]
INFO: [ app_begin ] --END-- [ RunTime:0.002537s ]
INFO: [ view_parse ] --START--
INFO: [ template_filter ] --START--
INFO: Run Behavior\ContentReplaceBehavior [ RunTime:0.000260s ]
INFO: [ template_filter ] --END-- [ RunTime:0.000660s ]
NOTIC: [8] Undefined variable: conid E:\phpstudy\WWW\yibo\App\Runtime\Cache\Home\613b65e0969beae4b0f8fd8ae58485b0.php 第 76 行.
NOTIC: [8] Undefined variable: conuser E:\phpstudy\WWW\yibo\App\Runtime\Cache\Home\613b65e0969beae4b0f8fd8ae58485b0.php 第 110 行.
NOTIC: [8] Undefined variable: sum E:\phpstudy\WWW\yibo\App\Runtime\Cache\Home\613b65e0969beae4b0f8fd8ae58485b0.php 第 133 行.
NOTIC: [8] Undefined variable: sum E:\phpstudy\WWW\yibo\App\Runtime\Cache\Home\613b65e0969beae4b0f8fd8ae58485b0.php 第 136 行.
NOTIC: [8] Undefined variable: sum E:\phpstudy\WWW\yibo\App\Runtime\Cache\Home\613b65e0969beae4b0f8fd8ae58485b0.php 第 137 行.
NOTIC: [8] Undefined variable: sum E:\phpstudy\WWW\yibo\App\Runtime\Cache\Home\613b65e0969beae4b0f8fd8ae58485b0.php 第 138 行.
NOTIC: [8] Undefined variable: sum E:\phpstudy\WWW\yibo\App\Runtime\Cache\Home\613b65e0969beae4b0f8fd8ae58485b0.php 第 139 行.
NOTIC: [8] Undefined variable: sum E:\phpstudy\WWW\yibo\App\Runtime\Cache\Home\613b65e0969beae4b0f8fd8ae58485b0.php 第 140 行.
NOTIC: [8] Undefined variable: sum E:\phpstudy\WWW\yibo\App\Runtime\Cache\Home\613b65e0969beae4b0f8fd8ae58485b0.php 第 143 行.
NOTIC: [8] Undefined variable: sum E:\phpstudy\WWW\yibo\App\Runtime\Cache\Home\613b65e0969beae4b0f8fd8ae58485b0.php 第 143 行.
NOTIC: [8] Undefined variable: sum E:\phpstudy\WWW\yibo\App\Runtime\Cache\Home\613b65e0969beae4b0f8fd8ae58485b0.php 第 143 行.
NOTIC: [8] Undefined variable: sum E:\phpstudy\WWW\yibo\App\Runtime\Cache\Home\613b65e0969beae4b0f8fd8ae58485b0.php 第 143 行.
NOTIC: [8] Undefined variable: sum E:\phpstudy\WWW\yibo\App\Runtime\Cache\Home\613b65e0969beae4b0f8fd8ae58485b0.php 第 143 行.
NOTIC: [8] Undefined variable: sum E:\phpstudy\WWW\yibo\App\Runtime\Cache\Home\613b65e0969beae4b0f8fd8ae58485b0.php 第 143 行.
INFO: Run Behavior\ParseTemplateBehavior [ RunTime:0.102434s ]
INFO: [ view_parse ] --END-- [ RunTime:0.102668s ]
INFO: [ view_filter ] --START--
INFO: Run Behavior\WriteHtmlCacheBehavior [ RunTime:0.000941s ]
INFO: [ view_filter ] --END-- [ RunTime:0.001140s ]
INFO: [ app_end ] --START--
INFO: Run Behavior\ShowPageTraceBehavior [ RunTime:0.001535s ]
INFO: [ app_end ] --END-- [ RunTime:0.001734s ]

[ 2016-04-02T09:41:49+08:00 ] ::1 /yibo/index.php/Home/Pc/index
INFO: [ app_init ] --START--
INFO: Run Behavior\BuildLiteBehavior [ RunTime:0.000087s ]
INFO: [ app_init ] --END-- [ RunTime:0.003105s ]
INFO: [ app_begin ] --START--
INFO: Run Behavior\ReadHtmlCacheBehavior [ RunTime:0.002696s ]
INFO: [ app_begin ] --END-- [ RunTime:0.003015s ]
SQL: SHOW COLUMNS FROM `record` [ RunTime:0.0195s ]
SQL: DELETE FROM `record` WHERE ( time <='2015-04-03 00:00:00' ) [ RunTime:0.0011s ]
SQL: SELECT * FROM `record` WHERE ( time>='2016-04-02 07:00:00' and time <='2016-04-03 07:00:00' ) ORDER BY time  [ RunTime:0.0022s ]
NOTIC: [8] Undefined variable: sum E:\phpstudy\WWW\yibo\App\Home\Controller\PcController.class.php 第 38 行.
INFO: [ view_parse ] --START--
INFO: [ template_filter ] --START--
INFO: Run Behavior\ContentReplaceBehavior [ RunTime:0.000229s ]
INFO: [ template_filter ] --END-- [ RunTime:0.000498s ]
INFO: Run Behavior\ParseTemplateBehavior [ RunTime:0.987814s ]
INFO: [ view_parse ] --END-- [ RunTime:0.988097s ]
INFO: [ view_filter ] --START--
INFO: Run Behavior\WriteHtmlCacheBehavior [ RunTime:0.120098s ]
INFO: [ view_filter ] --END-- [ RunTime:0.120351s ]
INFO: [ app_end ] --START--
INFO: Run Behavior\ShowPageTraceBehavior [ RunTime:0.148215s ]
INFO: [ app_end ] --END-- [ RunTime:0.148840s ]

[ 2016-04-02T09:41:57+08:00 ] ::1 /yibo/index.php/Home/Pc
INFO: [ app_init ] --START--
INFO: Run Behavior\BuildLiteBehavior [ RunTime:0.000062s ]
INFO: [ app_init ] --END-- [ RunTime:0.001561s ]
INFO: [ app_begin ] --START--
INFO: Run Behavior\ReadHtmlCacheBehavior [ RunTime:0.001794s ]
INFO: [ app_begin ] --END-- [ RunTime:0.002089s ]
SQL: SHOW COLUMNS FROM `record` [ RunTime:0.0602s ]
SQL: SELECT * FROM `record` WHERE ( time>='2016-04-01 07:00:00' and time <='2016-04-02 07:00:00' ) ORDER BY time  [ RunTime:0.0023s ]
NOTIC: [8] Undefined variable: sum E:\phpstudy\WWW\yibo\App\Home\Controller\PcController.class.php 第 48 行.
NOTIC: [8] Undefined index: put E:\phpstudy\WWW\yibo\App\Home\Controller\PcController.class.php 第 48 行.
NOTIC: [8] Undefined index: out E:\phpstudy\WWW\yibo\App\Home\Controller\PcController.class.php 第 49 行.
NOTIC: [8] Undefined index: out2 E:\phpstudy\WWW\yibo\App\Home\Controller\PcController.class.php 第 50 行.
NOTIC: [8] Undefined index: give E:\phpstudy\WWW\yibo\App\Home\Controller\PcController.class.php 第 51 行.
NOTIC: [8] Undefined index: turn E:\phpstudy\WWW\yibo\App\Home\Controller\PcController.class.php 第 52 行.
NOTIC: [8] Undefined index: coturn E:\phpstudy\WWW\yibo\App\Home\Controller\PcController.class.php 第 53 行.
INFO: [ view_parse ] --START--
INFO: [ template_filter ] --START--
INFO: Run Behavior\ContentReplaceBehavior [ RunTime:0.000253s ]
INFO: [ template_filter ] --END-- [ RunTime:0.000502s ]
NOTIC: [8] Undefined variable: time E:\phpstudy\WWW\yibo\App\Runtime\Cache\Home\1c916ccf4292ba2016e2b7201e8633ce.php 第 67 行.
INFO: Run Behavior\ParseTemplateBehavior [ RunTime:0.033729s ]
INFO: [ view_parse ] --END-- [ RunTime:0.033985s ]
INFO: [ view_filter ] --START--
INFO: Run Behavior\WriteHtmlCacheBehavior [ RunTime:0.000931s ]
INFO: [ view_filter ] --END-- [ RunTime:0.001127s ]
INFO: [ app_end ] --START--
INFO: Run Behavior\ShowPageTraceBehavior [ RunTime:0.001941s ]
INFO: [ app_end ] --END-- [ RunTime:0.002210s ]

[ 2016-04-02T10:03:21+08:00 ] ::1 /yibo/index.php/Home/Pc/qitain
INFO: [ app_init ] --START--
INFO: Run Behavior\BuildLiteBehavior [ RunTime:0.000063s ]
INFO: [ app_init ] --END-- [ RunTime:0.031251s ]
INFO: [ app_begin ] --START--
INFO: Run Behavior\ReadHtmlCacheBehavior [ RunTime:0.026903s ]
INFO: [ app_begin ] --END-- [ RunTime:0.027176s ]
SQL: SHOW COLUMNS FROM `record` [ RunTime:0.1321s ]
SQL: SELECT * FROM `record` WHERE ( time>='2016-03-26 07:00:00' and time<='2016-04-02 07:00:00' ) ORDER BY time  [ RunTime:0.0423s ]
NOTIC: [8] Undefined variable: sum E:\phpstudy\WWW\yibo\App\Home\Controller\PcController.class.php 第 349 行.
NOTIC: [8] Undefined index: put E:\phpstudy\WWW\yibo\App\Home\Controller\PcController.class.php 第 349 行.
NOTIC: [8] Undefined index: out E:\phpstudy\WWW\yibo\App\Home\Controller\PcController.class.php 第 350 行.
NOTIC: [8] Undefined index: out2 E:\phpstudy\WWW\yibo\App\Home\Controller\PcController.class.php 第 351 行.
NOTIC: [8] Undefined index: give E:\phpstudy\WWW\yibo\App\Home\Controller\PcController.class.php 第 352 行.
NOTIC: [8] Undefined index: turn E:\phpstudy\WWW\yibo\App\Home\Controller\PcController.class.php 第 353 行.
NOTIC: [8] Undefined index: coturn E:\phpstudy\WWW\yibo\App\Home\Controller\PcController.class.php 第 354 行.
NOTIC: [8] Undefined variable: mac E:\phpstudy\WWW\yibo\App\Home\Controller\PcController.class.php 第 359 行.
NOTIC: [8] Undefined variable: pos E:\phpstudy\WWW\yibo\App\Home\Controller\PcController.class.php 第 360 行.
INFO: [ view_parse ] --START--
INFO: [ template_filter ] --START--
INFO: Run Behavior\ContentReplaceBehavior [ RunTime:0.000199s ]
INFO: [ template_filter ] --END-- [ RunTime:0.000436s ]
INFO: Run Behavior\ParseTemplateBehavior [ RunTime:0.349039s ]
INFO: [ view_parse ] --END-- [ RunTime:0.349315s ]
INFO: [ view_filter ] --START--
INFO: Run Behavior\WriteHtmlCacheBehavior [ RunTime:0.040201s ]
INFO: [ view_filter ] --END-- [ RunTime:0.040439s ]
INFO: [ app_end ] --START--
INFO: Run Behavior\ShowPageTraceBehavior [ RunTime:0.071112s ]
INFO: [ app_end ] --END-- [ RunTime:0.071430s ]

[ 2016-04-02T10:03:25+08:00 ] ::1 /yibo/index.php/Home/Pc/mac
INFO: [ app_init ] --START--
INFO: Run Behavior\BuildLiteBehavior [ RunTime:0.000055s ]
INFO: [ app_init ] --END-- [ RunTime:0.001244s ]
INFO: [ app_begin ] --START--
INFO: Run Behavior\ReadHtmlCacheBehavior [ RunTime:0.001433s ]
INFO: [ app_begin ] --END-- [ RunTime:0.001651s ]
SQL: SHOW COLUMNS FROM `machine` [ RunTime:0.0436s ]
SQL: SELECT * FROM `machine` WHERE ( level=1 )  [ RunTime:0.0013s ]
SQL: SELECT * FROM `machine` WHERE ( level=2 )  [ RunTime:0.0012s ]
SQL: SHOW COLUMNS FROM `record` [ RunTime:0.0129s ]
SQL: SELECT * FROM `record` WHERE ( mac=1 and time>='2016-04-02 07:00:00' and time<='2016-04-03 07:00:00' ) ORDER BY time  [ RunTime:0.0016s ]
NOTIC: [8] Use of undefined constant 全部位置 - assumed '全部位置' E:\phpstudy\WWW\yibo\App\Home\Controller\PcController.class.php 第 299 行.
NOTIC: [8] Undefined variable: sum E:\phpstudy\WWW\yibo\App\Home\Controller\PcController.class.php 第 303 行.
INFO: [ view_parse ] --START--
INFO: [ template_filter ] --START--
INFO: Run Behavior\ContentReplaceBehavior [ RunTime:0.000268s ]
INFO: [ template_filter ] --END-- [ RunTime:0.000494s ]
INFO: Run Behavior\ParseTemplateBehavior [ RunTime:0.064760s ]
INFO: [ view_parse ] --END-- [ RunTime:0.065022s ]
INFO: [ view_filter ] --START--
INFO: Run Behavior\WriteHtmlCacheBehavior [ RunTime:0.000888s ]
INFO: [ view_filter ] --END-- [ RunTime:0.001097s ]
INFO: [ app_end ] --START--
INFO: Run Behavior\ShowPageTraceBehavior [ RunTime:0.001807s ]
INFO: [ app_end ] --END-- [ RunTime:0.002026s ]

[ 2016-04-02T10:03:28+08:00 ] ::1 /yibo/index.php/Home/Pc/month
INFO: [ app_init ] --START--
INFO: Run Behavior\BuildLiteBehavior [ RunTime:0.000059s ]
INFO: [ app_init ] --END-- [ RunTime:0.001783s ]
INFO: [ app_begin ] --START--
INFO: Run Behavior\ReadHtmlCacheBehavior [ RunTime:0.001938s ]
INFO: [ app_begin ] --END-- [ RunTime:0.002278s ]
SQL: SHOW COLUMNS FROM `record` [ RunTime:0.0140s ]
SQL: SELECT * FROM `record` WHERE ( time>='2016-04-01 00:00:00' and time <='2016-04-31 23:59:59' ) ORDER BY time  [ RunTime:0.0021s ]
NOTIC: [8] Undefined variable: sum E:\phpstudy\WWW\yibo\App\Home\Controller\PcController.class.php 第 72 行.
NOTIC: [8] Undefined index: put E:\phpstudy\WWW\yibo\App\Home\Controller\PcController.class.php 第 72 行.
NOTIC: [8] Undefined index: out E:\phpstudy\WWW\yibo\App\Home\Controller\PcController.class.php 第 73 行.
NOTIC: [8] Undefined index: out2 E:\phpstudy\WWW\yibo\App\Home\Controller\PcController.class.php 第 74 行.
NOTIC: [8] Undefined index: give E:\phpstudy\WWW\yibo\App\Home\Controller\PcController.class.php 第 75 行.
NOTIC: [8] Undefined index: turn E:\phpstudy\WWW\yibo\App\Home\Controller\PcController.class.php 第 76 行.
NOTIC: [8] Undefined index: coturn E:\phpstudy\WWW\yibo\App\Home\Controller\PcController.class.php 第 77 行.
INFO: [ view_parse ] --START--
INFO: [ template_filter ] --START--
INFO: Run Behavior\ContentReplaceBehavior [ RunTime:0.000238s ]
INFO: [ template_filter ] --END-- [ RunTime:0.000465s ]
INFO: Run Behavior\ParseTemplateBehavior [ RunTime:0.047607s ]
INFO: [ view_parse ] --END-- [ RunTime:0.047859s ]
INFO: [ view_filter ] --START--
INFO: Run Behavior\WriteHtmlCacheBehavior [ RunTime:0.001071s ]
INFO: [ view_filter ] --END-- [ RunTime:0.001286s ]
INFO: [ app_end ] --START--
INFO: Run Behavior\ShowPageTraceBehavior [ RunTime:0.002394s ]
INFO: [ app_end ] --END-- [ RunTime:0.002708s ]

[ 2016-04-02T10:03:30+08:00 ] ::1 /yibo/index.php/Home/Pc/user
INFO: [ app_init ] --START--
INFO: Run Behavior\BuildLiteBehavior [ RunTime:0.000058s ]
INFO: [ app_init ] --END-- [ RunTime:0.001055s ]
INFO: [ app_begin ] --START--
INFO: Run Behavior\ReadHtmlCacheBehavior [ RunTime:0.001875s ]
INFO: [ app_begin ] --END-- [ RunTime:0.002131s ]
INFO: [ view_parse ] --START--
INFO: [ template_filter ] --START--
INFO: Run Behavior\ContentReplaceBehavior [ RunTime:0.000247s ]
INFO: [ template_filter ] --END-- [ RunTime:0.000513s ]
NOTIC: [8] Undefined variable: conid E:\phpstudy\WWW\yibo\App\Runtime\Cache\Home\613b65e0969beae4b0f8fd8ae58485b0.php 第 76 行.
NOTIC: [8] Undefined variable: conuser E:\phpstudy\WWW\yibo\App\Runtime\Cache\Home\613b65e0969beae4b0f8fd8ae58485b0.php 第 110 行.
NOTIC: [8] Undefined variable: sum E:\phpstudy\WWW\yibo\App\Runtime\Cache\Home\613b65e0969beae4b0f8fd8ae58485b0.php 第 133 行.
NOTIC: [8] Undefined variable: sum E:\phpstudy\WWW\yibo\App\Runtime\Cache\Home\613b65e0969beae4b0f8fd8ae58485b0.php 第 136 行.
NOTIC: [8] Undefined variable: sum E:\phpstudy\WWW\yibo\App\Runtime\Cache\Home\613b65e0969beae4b0f8fd8ae58485b0.php 第 137 行.
NOTIC: [8] Undefined variable: sum E:\phpstudy\WWW\yibo\App\Runtime\Cache\Home\613b65e0969beae4b0f8fd8ae58485b0.php 第 138 行.
NOTIC: [8] Undefined variable: sum E:\phpstudy\WWW\yibo\App\Runtime\Cache\Home\613b65e0969beae4b0f8fd8ae58485b0.php 第 139 行.
NOTIC: [8] Undefined variable: sum E:\phpstudy\WWW\yibo\App\Runtime\Cache\Home\613b65e0969beae4b0f8fd8ae58485b0.php 第 140 行.
NOTIC: [8] Undefined variable: sum E:\phpstudy\WWW\yibo\App\Runtime\Cache\Home\613b65e0969beae4b0f8fd8ae58485b0.php 第 143 行.
NOTIC: [8] Undefined variable: sum E:\phpstudy\WWW\yibo\App\Runtime\Cache\Home\613b65e0969beae4b0f8fd8ae58485b0.php 第 143 行.
NOTIC: [8] Undefined variable: sum E:\phpstudy\WWW\yibo\App\Runtime\Cache\Home\613b65e0969beae4b0f8fd8ae58485b0.php 第 143 行.
NOTIC: [8] Undefined variable: sum E:\phpstudy\WWW\yibo\App\Runtime\Cache\Home\613b65e0969beae4b0f8fd8ae58485b0.php 第 143 行.
NOTIC: [8] Undefined variable: sum E:\phpstudy\WWW\yibo\App\Runtime\Cache\Home\613b65e0969beae4b0f8fd8ae58485b0.php 第 143 行.
NOTIC: [8] Undefined variable: sum E:\phpstudy\WWW\yibo\App\Runtime\Cache\Home\613b65e0969beae4b0f8fd8ae58485b0.php 第 143 行.
INFO: Run Behavior\ParseTemplateBehavior [ RunTime:0.054401s ]
INFO: [ view_parse ] --END-- [ RunTime:0.054651s ]
INFO: [ view_filter ] --START--
INFO: Run Behavior\WriteHtmlCacheBehavior [ RunTime:0.000943s ]
INFO: [ view_filter ] --END-- [ RunTime:0.001157s ]
INFO: [ app_end ] --START--
INFO: Run Behavior\ShowPageTraceBehavior [ RunTime:0.002009s ]
INFO: [ app_end ] --END-- [ RunTime:0.002232s ]

[ 2016-04-02T10:03:33+08:00 ] ::1 /yibo/index.php/Home/Pc/admin
INFO: [ app_init ] --START--
INFO: Run Behavior\BuildLiteBehavior [ RunTime:0.000054s ]
INFO: [ app_init ] --END-- [ RunTime:0.001072s ]
INFO: [ app_begin ] --START--
INFO: Run Behavior\ReadHtmlCacheBehavior [ RunTime:0.001534s ]
INFO: [ app_begin ] --END-- [ RunTime:0.001785s ]
SQL: SHOW COLUMNS FROM `admin` [ RunTime:0.0431s ]
SQL: SELECT * FROM `admin` WHERE ( level=0 )  [ RunTime:0.0018s ]
SQL: SELECT * FROM `admin` WHERE ( level=1 )  [ RunTime:0.0011s ]
SQL: SELECT * FROM `admin` WHERE ( level=2 )  [ RunTime:0.0010s ]
SQL: SHOW COLUMNS FROM `user` [ RunTime:0.0130s ]
SQL: SELECT * FROM `user`  [ RunTime:0.0012s ]
INFO: [ view_parse ] --START--
INFO: [ template_filter ] --START--
INFO: Run Behavior\ContentReplaceBehavior [ RunTime:0.000296s ]
INFO: [ template_filter ] --END-- [ RunTime:0.000576s ]
INFO: Run Behavior\ParseTemplateBehavior [ RunTime:0.091218s ]
INFO: [ view_parse ] --END-- [ RunTime:0.091497s ]
INFO: [ view_filter ] --START--
INFO: Run Behavior\WriteHtmlCacheBehavior [ RunTime:0.001000s ]
INFO: [ view_filter ] --END-- [ RunTime:0.001220s ]
INFO: [ app_end ] --START--
INFO: Run Behavior\ShowPageTraceBehavior [ RunTime:0.003828s ]
INFO: [ app_end ] --END-- [ RunTime:0.004194s ]

