[ 2016-03-16T10:15:09+08:00 ] ::1 /kaili/index.php/Home/Index/login
INFO: [ app_begin ] --START--
INFO: Run Behavior\ReadHtmlCacheBehavior [ RunTime:0.003477s ]
INFO: [ app_begin ] --END-- [ RunTime:0.029684s ]
SQL: SHOW COLUMNS FROM `admin` [ RunTime:0.0119s ]
SQL: SELECT * FROM `admin` WHERE ( login='root' ) LIMIT 1   [ RunTime:0.0010s ]

[ 2016-03-16T10:15:28+08:00 ] ::1 /kaili/index.php/Home/Index/conlogin
INFO: [ app_begin ] --START--
INFO: Run Behavior\ReadHtmlCacheBehavior [ RunTime:0.001471s ]
INFO: [ app_begin ] --END-- [ RunTime:0.002771s ]
SQL: SHOW COLUMNS FROM `user` [ RunTime:0.0850s ]
SQL: SELECT * FROM `user` WHERE ( userphone='1049370257' ) LIMIT 1   [ RunTime:0.0010s ]

[ 2016-03-16T10:29:27+08:00 ] ::1 /kaili/index.php/Home/Index/conreg
INFO: [ app_begin ] --START--
INFO: Run Behavior\ReadHtmlCacheBehavior [ RunTime:0.001659s ]
INFO: [ app_begin ] --END-- [ RunTime:0.002698s ]

[ 2016-03-16T10:29:38+08:00 ] ::1 /kaili/index.php/Home/Index/conreg
INFO: [ app_begin ] --START--
INFO: Run Behavior\ReadHtmlCacheBehavior [ RunTime:0.001229s ]
INFO: [ app_begin ] --END-- [ RunTime:0.002104s ]

[ 2016-03-16T10:29:44+08:00 ] ::1 /kaili/index.php/Home/Index/conreg
INFO: [ app_begin ] --START--
INFO: Run Behavior\ReadHtmlCacheBehavior [ RunTime:0.001255s ]
INFO: [ app_begin ] --END-- [ RunTime:0.002157s ]

[ 2016-03-16T10:31:50+08:00 ] ::1 /kaili/index.php/Home/Index/conreg
INFO: [ app_begin ] --START--
INFO: Run Behavior\ReadHtmlCacheBehavior [ RunTime:0.002249s ]
INFO: [ app_begin ] --END-- [ RunTime:0.003777s ]

[ 2016-03-16T10:31:58+08:00 ] ::1 /kaili/index.php/Home/Index/conaddto
INFO: [ app_begin ] --START--
INFO: Run Behavior\ReadHtmlCacheBehavior [ RunTime:0.002151s ]
INFO: [ app_begin ] --END-- [ RunTime:0.003753s ]
INFO: [ app_end ] --START--
INFO: Run Behavior\ShowPageTraceBehavior [ RunTime:0.001769s ]
INFO: [ app_end ] --END-- [ RunTime:0.002029s ]

[ 2016-03-16T10:32:06+08:00 ] ::1 /kaili/index.php/Home/Index/conaddto
INFO: [ app_begin ] --START--
INFO: Run Behavior\ReadHtmlCacheBehavior [ RunTime:0.001324s ]
INFO: [ app_begin ] --END-- [ RunTime:0.002349s ]
INFO: [ app_end ] --START--
INFO: Run Behavior\ShowPageTraceBehavior [ RunTime:0.001370s ]
INFO: [ app_end ] --END-- [ RunTime:0.001579s ]

[ 2016-03-16T10:32:47+08:00 ] ::1 /kaili/index.php/Home/Index/conaddto
INFO: [ app_begin ] --START--
INFO: Run Behavior\ReadHtmlCacheBehavior [ RunTime:0.001722s ]
INFO: [ app_begin ] --END-- [ RunTime:0.002832s ]
INFO: [ app_end ] --START--
INFO: Run Behavior\ShowPageTraceBehavior [ RunTime:0.002144s ]
INFO: [ app_end ] --END-- [ RunTime:0.002477s ]

[ 2016-03-16T10:33:15+08:00 ] ::1 /kaili/index.php/Home/Index/conaddto
INFO: [ app_begin ] --START--
INFO: Run Behavior\ReadHtmlCacheBehavior [ RunTime:0.001571s ]
INFO: [ app_begin ] --END-- [ RunTime:0.002860s ]
INFO: [ app_end ] --START--
INFO: Run Behavior\ShowPageTraceBehavior [ RunTime:0.001832s ]
INFO: [ app_end ] --END-- [ RunTime:0.002104s ]

[ 2016-03-16T10:33:25+08:00 ] ::1 /kaili/index.php/Home/Index/conaddto
INFO: [ app_begin ] --START--
INFO: Run Behavior\ReadHtmlCacheBehavior [ RunTime:0.001376s ]
INFO: [ app_begin ] --END-- [ RunTime:0.002436s ]
INFO: [ app_end ] --START--
INFO: Run Behavior\ShowPageTraceBehavior [ RunTime:0.001209s ]
INFO: [ app_end ] --END-- [ RunTime:0.001398s ]

[ 2016-03-16T10:33:32+08:00 ] ::1 /kaili/index.php/Home/Index/conaddto
INFO: [ app_begin ] --START--
INFO: Run Behavior\ReadHtmlCacheBehavior [ RunTime:0.002386s ]
INFO: [ app_begin ] --END-- [ RunTime:0.003596s ]
INFO: [ app_end ] --START--
INFO: Run Behavior\ShowPageTraceBehavior [ RunTime:0.001603s ]
INFO: [ app_end ] --END-- [ RunTime:0.001866s ]

[ 2016-03-16T10:36:31+08:00 ] ::1 /kaili/index.php/Home/Index/conaddto
INFO: [ app_begin ] --START--
INFO: Run Behavior\ReadHtmlCacheBehavior [ RunTime:0.001460s ]
INFO: [ app_begin ] --END-- [ RunTime:0.002610s ]
INFO: [ app_end ] --START--
INFO: Run Behavior\ShowPageTraceBehavior [ RunTime:0.001469s ]
INFO: [ app_end ] --END-- [ RunTime:0.001686s ]

[ 2016-03-16T10:36:42+08:00 ] ::1 /kaili/index.php/Home/Index/conaddto
INFO: [ app_begin ] --START--
INFO: Run Behavior\ReadHtmlCacheBehavior [ RunTime:0.001238s ]
INFO: [ app_begin ] --END-- [ RunTime:0.002132s ]
INFO: [ app_end ] --START--
INFO: Run Behavior\ShowPageTraceBehavior [ RunTime:0.001379s ]
INFO: [ app_end ] --END-- [ RunTime:0.001632s ]

[ 2016-03-16T10:38:46+08:00 ] ::1 /kaili/index.php/Home/Index/conaddto
INFO: [ app_begin ] --START--
INFO: Run Behavior\ReadHtmlCacheBehavior [ RunTime:0.001509s ]
INFO: [ app_begin ] --END-- [ RunTime:0.002606s ]
INFO: [ app_end ] --START--
INFO: Run Behavior\ShowPageTraceBehavior [ RunTime:0.001605s ]
INFO: [ app_end ] --END-- [ RunTime:0.001832s ]

[ 2016-03-16T10:43:38+08:00 ] ::1 /kaili/index.php/Home/Index/conaddto
INFO: [ app_begin ] --START--
INFO: Run Behavior\ReadHtmlCacheBehavior [ RunTime:0.001461s ]
INFO: [ app_begin ] --END-- [ RunTime:0.002446s ]
INFO: [ app_end ] --START--
INFO: Run Behavior\ShowPageTraceBehavior [ RunTime:0.001203s ]
INFO: [ app_end ] --END-- [ RunTime:0.001395s ]

[ 2016-03-16T10:43:45+08:00 ] ::1 /kaili/index.php/Home/Index/conaddto
INFO: [ app_begin ] --START--
INFO: Run Behavior\ReadHtmlCacheBehavior [ RunTime:0.001251s ]
INFO: [ app_begin ] --END-- [ RunTime:0.002240s ]
INFO: [ app_end ] --START--
INFO: Run Behavior\ShowPageTraceBehavior [ RunTime:0.001356s ]
INFO: [ app_end ] --END-- [ RunTime:0.001560s ]

[ 2016-03-16T10:44:15+08:00 ] ::1 /kaili/index.php/Home/Index/conaddto
INFO: [ app_begin ] --START--
INFO: Run Behavior\ReadHtmlCacheBehavior [ RunTime:0.001367s ]
INFO: [ app_begin ] --END-- [ RunTime:0.002341s ]
INFO: [ app_end ] --START--
INFO: Run Behavior\ShowPageTraceBehavior [ RunTime:0.001593s ]
INFO: [ app_end ] --END-- [ RunTime:0.001822s ]

[ 2016-03-16T10:46:04+08:00 ] ::1 /kaili/index.php/Home/Index/conaddto
INFO: [ app_begin ] --START--
INFO: Run Behavior\ReadHtmlCacheBehavior [ RunTime:0.001323s ]
INFO: [ app_begin ] --END-- [ RunTime:0.002363s ]
INFO: [ app_end ] --START--
INFO: Run Behavior\ShowPageTraceBehavior [ RunTime:0.001202s ]
INFO: [ app_end ] --END-- [ RunTime:0.001383s ]

[ 2016-03-16T10:46:11+08:00 ] ::1 /kaili/index.php/Home/Index/conaddto
INFO: [ app_begin ] --START--
INFO: Run Behavior\ReadHtmlCacheBehavior [ RunTime:0.001214s ]
INFO: [ app_begin ] --END-- [ RunTime:0.002078s ]
INFO: [ app_end ] --START--
INFO: Run Behavior\ShowPageTraceBehavior [ RunTime:0.001292s ]
INFO: [ app_end ] --END-- [ RunTime:0.001502s ]

[ 2016-03-16T10:46:24+08:00 ] ::1 /kaili/index.php/Home/Index/conaddto
INFO: [ app_begin ] --START--
INFO: Run Behavior\ReadHtmlCacheBehavior [ RunTime:0.001859s ]
INFO: [ app_begin ] --END-- [ RunTime:0.002928s ]
INFO: [ app_end ] --START--
INFO: Run Behavior\ShowPageTraceBehavior [ RunTime:0.001505s ]
INFO: [ app_end ] --END-- [ RunTime:0.001698s ]

[ 2016-03-16T10:46:26+08:00 ] ::1 /kaili/index.php/Home/Index/conaddto
INFO: [ app_begin ] --START--
INFO: Run Behavior\ReadHtmlCacheBehavior [ RunTime:0.001361s ]
INFO: [ app_begin ] --END-- [ RunTime:0.002327s ]
INFO: [ app_end ] --START--
INFO: Run Behavior\ShowPageTraceBehavior [ RunTime:0.001231s ]
INFO: [ app_end ] --END-- [ RunTime:0.001419s ]

[ 2016-03-16T10:46:37+08:00 ] ::1 /kaili/index.php/Home/Index/conaddto
INFO: [ app_begin ] --START--
INFO: Run Behavior\ReadHtmlCacheBehavior [ RunTime:0.001680s ]
INFO: [ app_begin ] --END-- [ RunTime:0.003009s ]
INFO: [ app_end ] --START--
INFO: Run Behavior\ShowPageTraceBehavior [ RunTime:0.001213s ]
INFO: [ app_end ] --END-- [ RunTime:0.001408s ]

[ 2016-03-16T10:46:57+08:00 ] ::1 /kaili/index.php/Home/Index/conaddto
INFO: [ app_begin ] --START--
INFO: Run Behavior\ReadHtmlCacheBehavior [ RunTime:0.002282s ]
INFO: [ app_begin ] --END-- [ RunTime:0.003589s ]
INFO: [ app_end ] --START--
INFO: Run Behavior\ShowPageTraceBehavior [ RunTime:0.001274s ]
INFO: [ app_end ] --END-- [ RunTime:0.001474s ]

[ 2016-03-16T10:46:58+08:00 ] ::1 /kaili/index.php/Home/Index/conaddto
INFO: [ app_begin ] --START--
INFO: Run Behavior\ReadHtmlCacheBehavior [ RunTime:0.001251s ]
INFO: [ app_begin ] --END-- [ RunTime:0.002158s ]
INFO: [ app_end ] --START--
INFO: Run Behavior\ShowPageTraceBehavior [ RunTime:0.001542s ]
INFO: [ app_end ] --END-- [ RunTime:0.001787s ]

[ 2016-03-16T10:47:02+08:00 ] ::1 /kaili/index.php/Home/Index/conaddto
INFO: [ app_begin ] --START--
INFO: Run Behavior\ReadHtmlCacheBehavior [ RunTime:0.002037s ]
INFO: [ app_begin ] --END-- [ RunTime:0.003249s ]
INFO: [ app_end ] --START--
INFO: Run Behavior\ShowPageTraceBehavior [ RunTime:0.001393s ]
INFO: [ app_end ] --END-- [ RunTime:0.001613s ]

[ 2016-03-16T10:47:06+08:00 ] ::1 /kaili/index.php/Home/Index/conaddto
INFO: [ app_begin ] --START--
INFO: Run Behavior\ReadHtmlCacheBehavior [ RunTime:0.001245s ]
INFO: [ app_begin ] --END-- [ RunTime:0.002118s ]
INFO: [ app_end ] --START--
INFO: Run Behavior\ShowPageTraceBehavior [ RunTime:0.001757s ]
INFO: [ app_end ] --END-- [ RunTime:0.002023s ]

[ 2016-03-16T10:47:47+08:00 ] ::1 /kaili/index.php/Home/Index/conaddto
INFO: [ app_begin ] --START--
INFO: Run Behavior\ReadHtmlCacheBehavior [ RunTime:0.001693s ]
INFO: [ app_begin ] --END-- [ RunTime:0.002972s ]
INFO: [ app_end ] --START--
INFO: Run Behavior\ShowPageTraceBehavior [ RunTime:0.001809s ]
INFO: [ app_end ] --END-- [ RunTime:0.002094s ]

[ 2016-03-16T10:49:15+08:00 ] ::1 /kaili/index.php/Home/Index/conaddto
INFO: [ app_begin ] --START--
INFO: Run Behavior\ReadHtmlCacheBehavior [ RunTime:0.001646s ]
INFO: [ app_begin ] --END-- [ RunTime:0.002674s ]
INFO: [ app_end ] --START--
INFO: Run Behavior\ShowPageTraceBehavior [ RunTime:0.001934s ]
INFO: [ app_end ] --END-- [ RunTime:0.002216s ]

[ 2016-03-16T10:49:16+08:00 ] ::1 /kaili/index.php/Home/Index/conaddto
INFO: [ app_begin ] --START--
INFO: Run Behavior\ReadHtmlCacheBehavior [ RunTime:0.001341s ]
INFO: [ app_begin ] --END-- [ RunTime:0.002463s ]
INFO: [ app_end ] --START--
INFO: Run Behavior\ShowPageTraceBehavior [ RunTime:0.001427s ]
INFO: [ app_end ] --END-- [ RunTime:0.001712s ]

[ 2016-03-16T10:50:02+08:00 ] ::1 /kaili/index.php/Home/Index/conaddto
INFO: [ app_begin ] --START--
INFO: Run Behavior\ReadHtmlCacheBehavior [ RunTime:0.002874s ]
INFO: [ app_begin ] --END-- [ RunTime:0.004326s ]
INFO: [ app_end ] --START--
INFO: Run Behavior\ShowPageTraceBehavior [ RunTime:0.002237s ]
INFO: [ app_end ] --END-- [ RunTime:0.002500s ]

[ 2016-03-16T10:50:06+08:00 ] ::1 /kaili/index.php/Home/Index/conaddto
INFO: [ app_begin ] --START--
INFO: Run Behavior\ReadHtmlCacheBehavior [ RunTime:0.002141s ]
INFO: [ app_begin ] --END-- [ RunTime:0.003790s ]
INFO: [ app_end ] --START--
INFO: Run Behavior\ShowPageTraceBehavior [ RunTime:0.001691s ]
INFO: [ app_end ] --END-- [ RunTime:0.001949s ]

[ 2016-03-16T12:10:43+08:00 ] ::1 /kaili/index.php/Home/Index/login
INFO: [ app_begin ] --START--
INFO: Run Behavior\ReadHtmlCacheBehavior [ RunTime:0.001620s ]
INFO: [ app_begin ] --END-- [ RunTime:0.003744s ]
SQL: SHOW COLUMNS FROM `admin` [ RunTime:0.0572s ]
SQL: SELECT * FROM `admin` WHERE ( login='root' ) LIMIT 1   [ RunTime:0.0011s ]

[ 2016-03-16T12:11:10+08:00 ] ::1 /kaili/index.php/Home/Index/conlogin
INFO: [ app_begin ] --START--
INFO: Run Behavior\ReadHtmlCacheBehavior [ RunTime:0.001964s ]
INFO: [ app_begin ] --END-- [ RunTime:0.003562s ]
SQL: SHOW COLUMNS FROM `user` [ RunTime:0.0723s ]
SQL: SELECT * FROM `user` WHERE ( userphone='15238309818' ) LIMIT 1   [ RunTime:0.0013s ]

[ 2016-03-16T12:17:17+08:00 ] ::1 /kaili/index.php/Home/Index/conlogin
INFO: [ app_begin ] --START--
INFO: Run Behavior\ReadHtmlCacheBehavior [ RunTime:0.001225s ]
INFO: [ app_begin ] --END-- [ RunTime:0.002123s ]
SQL: SHOW COLUMNS FROM `user` [ RunTime:0.0138s ]
SQL: SELECT * FROM `user` WHERE ( userphone='1049370257' ) LIMIT 1   [ RunTime:0.0008s ]

[ 2016-03-16T12:17:53+08:00 ] ::1 /kaili/index.php/Home/Waiter/index.html
ERR: 模板不存在:./App/Home/View/Waiter/index.html

[ 2016-03-16T12:17:56+08:00 ] ::1 /kaili/index.php/Home/Waiter/index.html
ERR: 模板不存在:./App/Home/View/Waiter/index.html

[ 2016-03-16T12:30:16+08:00 ] ::1 /kaili/index.php/Home/Index/conlogin
INFO: [ app_begin ] --START--
INFO: Run Behavior\ReadHtmlCacheBehavior [ RunTime:0.001913s ]
INFO: [ app_begin ] --END-- [ RunTime:0.003214s ]
SQL: SHOW COLUMNS FROM `user` [ RunTime:0.0154s ]
SQL: SELECT * FROM `user` WHERE ( userphone='1049370257' ) LIMIT 1   [ RunTime:0.0015s ]

[ 2016-03-16T14:47:59+08:00 ] ::1 /kaili/index.php/Home/Index/conlogin
INFO: [ app_begin ] --START--
INFO: Run Behavior\ReadHtmlCacheBehavior [ RunTime:0.001575s ]
INFO: [ app_begin ] --END-- [ RunTime:0.006582s ]
SQL: SHOW COLUMNS FROM `user` [ RunTime:0.0592s ]
SQL: SELECT * FROM `user` WHERE ( userphone='18437955601' ) LIMIT 1   [ RunTime:0.0011s ]

[ 2016-03-16T15:12:30+08:00 ] ::1 //kaili/index.php/Home/Index/put.html
ERR: 非法操作:put

[ 2016-03-16T15:12:46+08:00 ] ::1 //kaili/index.php/Home/Index/put.html
ERR: 非法操作:put

[ 2016-03-16T15:13:44+08:00 ] ::1 //kaili/index.php/Home/Index/put.html
ERR: 非法操作:put

[ 2016-03-16T15:13:59+08:00 ] ::1 //kaili/index.php/Home/Index/out.html
ERR: 非法操作:out

[ 2016-03-16T15:14:43+08:00 ] ::1 //kaili/index.php/Home/Index/put.html
ERR: 非法操作:put

[ 2016-03-16T15:14:50+08:00 ] ::1 //kaili/index.php/Home/Index/put.html
ERR: 非法操作:put

[ 2016-03-16T15:15:32+08:00 ] ::1 //kaili/index.php/Home/Index/put.html
ERR: 非法操作:put

[ 2016-03-16T15:43:17+08:00 ] ::1 /kaili/index.php/Home/Index/login
INFO: [ app_begin ] --START--
INFO: Run Behavior\ReadHtmlCacheBehavior [ RunTime:0.002029s ]
INFO: [ app_begin ] --END-- [ RunTime:0.003201s ]
SQL: SHOW COLUMNS FROM `admin` [ RunTime:0.0460s ]
SQL: SELECT * FROM `admin` WHERE ( login=' ' ) LIMIT 1   [ RunTime:0.0013s ]

[ 2016-03-16T16:11:05+08:00 ] ::1 //kaili/index.php/Home/Waiter/kaili/App/public/Css/bootstrap.min.css
ERR: 非法操作:kaili

[ 2016-03-16T16:11:05+08:00 ] ::1 //kaili/index.php/Home/Waiter/kaili/App/public/Css/common.css
ERR: 非法操作:kaili

[ 2016-03-16T16:11:05+08:00 ] ::1 //kaili/index.php/Home/Waiter/kaili/App/public/Js/jquery.min.js
ERR: 非法操作:kaili

[ 2016-03-16T16:11:05+08:00 ] ::1 //kaili/index.php/Home/Waiter/kaili/App/public/Js/jquery-1.8.2.min.js
ERR: 非法操作:kaili

[ 2016-03-16T16:11:05+08:00 ] ::1 //kaili/index.php/Home/Waiter/kaili/App/public/Js/jquery.form.js
ERR: 非法操作:kaili

[ 2016-03-16T16:11:05+08:00 ] ::1 //kaili/index.php/Home/Waiter/kaili/App/public/Js/layer/layer.js
ERR: 非法操作:kaili

[ 2016-03-16T16:11:05+08:00 ] ::1 //kaili/index.php/Home/Waiter/kaili/App/public/Js/bootstrap.min.js
ERR: 非法操作:kaili

[ 2016-03-16T16:11:09+08:00 ] ::1 //kaili/index.php/Home/Waiter/kaili/App/public/Css/common.css
ERR: 非法操作:kaili

[ 2016-03-16T16:11:09+08:00 ] ::1 //kaili/index.php/Home/Waiter/kaili/App/public/Css/bootstrap.min.css
ERR: 非法操作:kaili

[ 2016-03-16T16:11:09+08:00 ] ::1 //kaili/index.php/Home/Waiter/kaili/App/public/Js/jquery.min.js
ERR: 非法操作:kaili

[ 2016-03-16T16:11:09+08:00 ] ::1 //kaili/index.php/Home/Waiter/kaili/App/public/Js/jquery.form.js
ERR: 非法操作:kaili

[ 2016-03-16T16:11:09+08:00 ] ::1 //kaili/index.php/Home/Waiter/kaili/App/public/Js/bootstrap.min.js
ERR: 非法操作:kaili

[ 2016-03-16T16:11:09+08:00 ] ::1 //kaili/index.php/Home/Waiter/kaili/App/public/Js/layer/layer.js
ERR: 非法操作:kaili

[ 2016-03-16T16:11:09+08:00 ] ::1 //kaili/index.php/Home/Waiter/kaili/App/public/Js/jquery-1.8.2.min.js
ERR: 非法操作:kaili

[ 2016-03-16T16:11:26+08:00 ] ::1 //kaili/index.php/Home/Waiter/kaili/App/public/Css/bootstrap.min.css
ERR: 非法操作:kaili

[ 2016-03-16T16:14:12+08:00 ] 192.168.23.2 /kaili/index.php/Home/Index/login
INFO: [ app_begin ] --START--
INFO: Run Behavior\ReadHtmlCacheBehavior [ RunTime:0.001598s ]
INFO: [ app_begin ] --END-- [ RunTime:0.002691s ]
SQL: SHOW COLUMNS FROM `admin` [ RunTime:0.0222s ]
SQL: SELECT * FROM `admin` WHERE ( login='root' ) LIMIT 1   [ RunTime:0.0019s ]

[ 2016-03-16T16:14:23+08:00 ] 192.168.23.2 /kaili/index.php/Home/Index/conlogin
INFO: [ app_begin ] --START--
INFO: Run Behavior\ReadHtmlCacheBehavior [ RunTime:0.001859s ]
INFO: [ app_begin ] --END-- [ RunTime:0.003113s ]
SQL: SHOW COLUMNS FROM `user` [ RunTime:0.0118s ]
SQL: SELECT * FROM `user` WHERE ( userphone='1049370257' ) LIMIT 1   [ RunTime:0.0012s ]

[ 2016-03-16T18:01:12+08:00 ] ::1 /kaili/index.php/Home/Index/login
INFO: [ app_begin ] --START--
INFO: Run Behavior\ReadHtmlCacheBehavior [ RunTime:0.002071s ]
INFO: [ app_begin ] --END-- [ RunTime:0.003561s ]
SQL: SHOW COLUMNS FROM `admin` [ RunTime:0.0629s ]
SQL: SELECT * FROM `admin` WHERE ( login=' ' ) LIMIT 1   [ RunTime:0.0011s ]

[ 2016-03-16T18:01:14+08:00 ] ::1 /kaili/index.php/Home/Index/login
INFO: [ app_begin ] --START--
INFO: Run Behavior\ReadHtmlCacheBehavior [ RunTime:0.001394s ]
INFO: [ app_begin ] --END-- [ RunTime:0.002460s ]
SQL: SHOW COLUMNS FROM `admin` [ RunTime:0.0291s ]
SQL: SELECT * FROM `admin` WHERE ( login=' ' ) LIMIT 1   [ RunTime:0.0008s ]

[ 2016-03-16T18:02:46+08:00 ] ::1 /kaili/index.php/Home/Index/login
INFO: [ app_begin ] --START--
INFO: Run Behavior\ReadHtmlCacheBehavior [ RunTime:0.001785s ]
INFO: [ app_begin ] --END-- [ RunTime:0.003547s ]
SQL: SHOW COLUMNS FROM `admin` [ RunTime:0.0134s ]
SQL: SELECT * FROM `admin` WHERE ( login=' ' ) LIMIT 1   [ RunTime:0.0010s ]

[ 2016-03-16T18:03:28+08:00 ] ::1 /kaili/index.php/Home/Index/login
INFO: [ app_begin ] --START--
INFO: Run Behavior\ReadHtmlCacheBehavior [ RunTime:0.002647s ]
INFO: [ app_begin ] --END-- [ RunTime:0.003840s ]
SQL: SHOW COLUMNS FROM `admin` [ RunTime:0.0119s ]
SQL: SELECT * FROM `admin` WHERE ( login=' ' ) LIMIT 1   [ RunTime:0.0008s ]

[ 2016-03-16T18:03:37+08:00 ] ::1 /kaili/index.php/Home/Index/login
INFO: [ app_begin ] --START--
INFO: Run Behavior\ReadHtmlCacheBehavior [ RunTime:0.003129s ]
INFO: [ app_begin ] --END-- [ RunTime:0.007516s ]
SQL: SHOW COLUMNS FROM `admin` [ RunTime:0.0165s ]
SQL: SELECT * FROM `admin` WHERE ( login=' 1' ) LIMIT 1   [ RunTime:0.0010s ]

[ 2016-03-16T18:04:20+08:00 ] ::1 /kaili/index.php/Home/Index/login
INFO: [ app_begin ] --START--
INFO: Run Behavior\ReadHtmlCacheBehavior [ RunTime:0.001782s ]
INFO: [ app_begin ] --END-- [ RunTime:0.003155s ]
SQL: SHOW COLUMNS FROM `admin` [ RunTime:0.0159s ]
SQL: SELECT * FROM `admin` WHERE ( login=' ' ) LIMIT 1   [ RunTime:0.0012s ]

[ 2016-03-16T18:07:15+08:00 ] 192.168.23.2 /kaili/index.php/Home/Index/login
INFO: [ app_begin ] --START--
INFO: Run Behavior\ReadHtmlCacheBehavior [ RunTime:0.002063s ]
INFO: [ app_begin ] --END-- [ RunTime:0.003458s ]
SQL: SHOW COLUMNS FROM `admin` [ RunTime:0.0133s ]
SQL: SELECT * FROM `admin` WHERE ( login='root' ) LIMIT 1   [ RunTime:0.0011s ]

[ 2016-03-16T18:07:43+08:00 ] ::1 /kaili/index.php/Home/Index/login
INFO: [ app_begin ] --START--
INFO: Run Behavior\ReadHtmlCacheBehavior [ RunTime:0.001644s ]
INFO: [ app_begin ] --END-- [ RunTime:0.002933s ]
SQL: SHOW COLUMNS FROM `admin` [ RunTime:0.0159s ]
SQL: SELECT * FROM `admin` WHERE ( login='root' ) LIMIT 1   [ RunTime:0.0012s ]

[ 2016-03-16T21:41:04+08:00 ] 192.168.23.2 /kaili/index.php/Home/Index/conlogin
INFO: [ app_begin ] --START--
INFO: Run Behavior\ReadHtmlCacheBehavior [ RunTime:0.001659s ]
INFO: [ app_begin ] --END-- [ RunTime:0.002737s ]
SQL: SHOW COLUMNS FROM `user` [ RunTime:0.0461s ]
SQL: SELECT * FROM `user` WHERE ( userphone='1049370257' ) LIMIT 1   [ RunTime:0.0015s ]

[ 2016-03-16T21:46:44+08:00 ] 192.168.23.2 /kaili/index.php/Home/Index/conreg
INFO: [ app_begin ] --START--
INFO: Run Behavior\ReadHtmlCacheBehavior [ RunTime:0.001695s ]
INFO: [ app_begin ] --END-- [ RunTime:0.002742s ]
SQL: SHOW COLUMNS FROM `user` [ RunTime:0.0109s ]
SQL: SELECT * FROM `user` WHERE ( userphone='18437955601' ) LIMIT 1   [ RunTime:0.0013s ]

[ 2016-03-16T21:47:01+08:00 ] 192.168.23.2 /kaili/index.php/Home/Index/conreg
INFO: [ app_begin ] --START--
INFO: Run Behavior\ReadHtmlCacheBehavior [ RunTime:0.001829s ]
INFO: [ app_begin ] --END-- [ RunTime:0.002969s ]
SQL: SHOW COLUMNS FROM `user` [ RunTime:0.0110s ]
SQL: SELECT * FROM `user` WHERE ( userphone='1014887329' ) LIMIT 1   [ RunTime:0.0010s ]

[ 2016-03-16T21:47:08+08:00 ] 192.168.23.2 /kaili/index.php/Home/Index/conreg
INFO: [ app_begin ] --START--
INFO: Run Behavior\ReadHtmlCacheBehavior [ RunTime:0.001830s ]
INFO: [ app_begin ] --END-- [ RunTime:0.005491s ]
SQL: SHOW COLUMNS FROM `user` [ RunTime:0.0112s ]
SQL: SELECT * FROM `user` WHERE ( userphone='10148873291' ) LIMIT 1   [ RunTime:0.0009s ]
SQL: INSERT INTO `user` (`userphone`,`name`) VALUES ('10148873291','赵晓明') [ RunTime:0.0018s ]

[ 2016-03-16T21:49:03+08:00 ] ::1 /kaili/index.php/Home/Index/conlogin
INFO: [ app_begin ] --START--
INFO: Run Behavior\ReadHtmlCacheBehavior [ RunTime:0.002611s ]
INFO: [ app_begin ] --END-- [ RunTime:0.004569s ]
SQL: SHOW COLUMNS FROM `user` [ RunTime:0.0140s ]
SQL: SELECT * FROM `user` WHERE ( userphone='1014887329' ) LIMIT 1   [ RunTime:0.0010s ]

[ 2016-03-16T21:52:52+08:00 ] 192.168.23.2 /kaili/index.php/Home/Index/conlogin
INFO: [ app_begin ] --START--
INFO: Run Behavior\ReadHtmlCacheBehavior [ RunTime:0.002881s ]
INFO: [ app_begin ] --END-- [ RunTime:0.004539s ]

[ 2016-03-16T21:52:57+08:00 ] 192.168.23.2 /kaili/index.php/Home/Index/conlogin
INFO: [ app_begin ] --START--
INFO: Run Behavior\ReadHtmlCacheBehavior [ RunTime:0.003636s ]
INFO: [ app_begin ] --END-- [ RunTime:0.006605s ]

[ 2016-03-16T21:54:29+08:00 ] 192.168.23.2 /kaili/index.php/Home/Index/conlogin
INFO: [ app_begin ] --START--
INFO: Run Behavior\ReadHtmlCacheBehavior [ RunTime:0.001847s ]
INFO: [ app_begin ] --END-- [ RunTime:0.003134s ]
SQL: SHOW COLUMNS FROM `user` [ RunTime:0.0332s ]
SQL: SELECT * FROM `user` WHERE ( userphone='18437955601' ) LIMIT 1   [ RunTime:0.0008s ]

[ 2016-03-16T22:06:30+08:00 ] ::1 /kaili/index.php/Home/Index/conlogin
INFO: [ app_begin ] --START--
INFO: Run Behavior\ReadHtmlCacheBehavior [ RunTime:0.004793s ]
INFO: [ app_begin ] --END-- [ RunTime:0.006253s ]
SQL: SHOW COLUMNS FROM `user` [ RunTime:0.0123s ]
SQL: SELECT * FROM `user` WHERE ( userphone='1014887329' ) LIMIT 1   [ RunTime:0.0011s ]

[ 2016-03-16T23:44:16+08:00 ] 192.168.23.2 /kaili/index.php/Home/Index/conlogin
INFO: [ app_begin ] --START--
INFO: Run Behavior\ReadHtmlCacheBehavior [ RunTime:0.001805s ]
INFO: [ app_begin ] --END-- [ RunTime:0.002944s ]
SQL: SHOW COLUMNS FROM `user` [ RunTime:0.0656s ]
SQL: SELECT * FROM `user` WHERE ( userphone='18437955601' ) LIMIT 1   [ RunTime:0.0198s ]

[ 2016-03-16T23:56:27+08:00 ] 192.168.23.2 /kaili/index.php/Home/Index/conlogin
INFO: [ app_begin ] --START--
INFO: Run Behavior\ReadHtmlCacheBehavior [ RunTime:0.001363s ]
INFO: [ app_begin ] --END-- [ RunTime:0.002369s ]
SQL: SHOW COLUMNS FROM `user` [ RunTime:0.0102s ]
SQL: SELECT * FROM `user` WHERE ( userphone='1049370257' ) LIMIT 1   [ RunTime:0.0008s ]

[ 2016-03-16T23:59:03+08:00 ] 192.168.23.2 /kaili/index.php/Home/Index/conlogin
INFO: [ app_begin ] --START--
INFO: Run Behavior\ReadHtmlCacheBehavior [ RunTime:0.001356s ]
INFO: [ app_begin ] --END-- [ RunTime:0.002313s ]
SQL: SHOW COLUMNS FROM `user` [ RunTime:0.0106s ]
SQL: SELECT * FROM `user` WHERE ( userphone='1049370257' ) LIMIT 1   [ RunTime:0.0009s ]

