[ 2016-03-21T14:10:15+08:00 ] ::1 /kaili/index.php/Home/Pc/login
INFO: [ app_begin ] --START--
INFO: Run Behavior\ReadHtmlCacheBehavior [ RunTime:0.001350s ]
INFO: [ app_begin ] --END-- [ RunTime:0.002320s ]
SQL: SHOW COLUMNS FROM `admin` [ RunTime:0.2102s ]
SQL: SELECT * FROM `admin` WHERE ( login='admin' ) LIMIT 1   [ RunTime:0.0178s ]

[ 2016-03-21T14:51:42+08:00 ] ::1 /kaili/index.php/Home/Pc/day
ERR: 模板不存在:./App/Home/View/Pc/day.html

[ 2016-03-21T15:23:05+08:00 ] ::1 /kaili/index.php/Home/Pc/login
INFO: [ app_begin ] --START--
INFO: Run Behavior\ReadHtmlCacheBehavior [ RunTime:0.001236s ]
INFO: [ app_begin ] --END-- [ RunTime:0.002244s ]
SQL: SHOW COLUMNS FROM `admin` [ RunTime:0.0548s ]
SQL: SELECT * FROM `admin` WHERE ( login='admin' ) LIMIT 1   [ RunTime:0.0128s ]

[ 2016-03-21T15:37:46+08:00 ] ::1 /kaili/index.php/Home/Index/login
INFO: [ app_begin ] --START--
INFO: Run Behavior\ReadHtmlCacheBehavior [ RunTime:0.003441s ]
INFO: [ app_begin ] --END-- [ RunTime:0.005406s ]
SQL: SHOW COLUMNS FROM `admin` [ RunTime:0.0149s ]
SQL: SELECT * FROM `admin` WHERE ( login='fuwu2' ) LIMIT 1   [ RunTime:0.0010s ]

[ 2016-03-21T15:38:00+08:00 ] ::1 /kaili/index.php/Home/Index/conlogin
INFO: [ app_begin ] --START--
INFO: Run Behavior\ReadHtmlCacheBehavior [ RunTime:0.001702s ]
INFO: [ app_begin ] --END-- [ RunTime:0.003617s ]
SQL: SHOW COLUMNS FROM `user` [ RunTime:0.0753s ]
SQL: SELECT * FROM `user` WHERE ( userphone='1049370257' ) LIMIT 1   [ RunTime:0.0010s ]

[ 2016-03-21T15:38:25+08:00 ] ::1 /kaili/index.php/Home/Index/conaddto
INFO: [ app_begin ] --START--
INFO: Run Behavior\ReadHtmlCacheBehavior [ RunTime:0.001508s ]
INFO: [ app_begin ] --END-- [ RunTime:0.002922s ]
SQL: SHOW COLUMNS FROM `admin` [ RunTime:0.0122s ]
NOTIC: [8] Use of undefined constant id - assumed 'id' E:\phpstudy\WWW\kaili\App\Home\Controller\IndexController.class.php 第 164 行.
SQL: SELECT * FROM `admin` LIMIT 1   [ RunTime:0.0009s ]
SQL: SHOW COLUMNS FROM `record` [ RunTime:0.0121s ]
SQL: INSERT INTO `record` (`conid`,`conname`,`mac`,`conpos`,`put`,`type`,`account`,`out`,`give`,`turn`,`coturn`,`waitid`,`wainame`,`time`,`judge`) VALUES ('3','吉米多少','3','4','6000','现金','','','','','','3','服务员1','2016-03-21 15:38:25','1') [ RunTime:0.0017s ]

[ 2016-03-21T17:19:47+08:00 ] ::1 /kaili/index.php/Home/Pc/login
INFO: [ app_begin ] --START--
INFO: Run Behavior\ReadHtmlCacheBehavior [ RunTime:0.001745s ]
INFO: [ app_begin ] --END-- [ RunTime:0.002979s ]
SQL: SHOW COLUMNS FROM `admin` [ RunTime:0.0242s ]
SQL: SELECT * FROM `admin` WHERE ( login='admin' ) LIMIT 1   [ RunTime:0.0198s ]

[ 2016-03-21T17:25:58+08:00 ] ::1 /kaili/index.php/Home/Pc/login
INFO: [ app_begin ] --START--
INFO: Run Behavior\ReadHtmlCacheBehavior [ RunTime:0.001720s ]
INFO: [ app_begin ] --END-- [ RunTime:0.002947s ]
SQL: SHOW COLUMNS FROM `admin` [ RunTime:0.0672s ]
SQL: SELECT * FROM `admin` WHERE ( login='admin' ) LIMIT 1   [ RunTime:0.0013s ]

[ 2016-03-21T19:58:15+08:00 ] ::1 /kaili/index.php/Home/Pc/login
INFO: [ app_begin ] --START--
INFO: Run Behavior\ReadHtmlCacheBehavior [ RunTime:0.001686s ]
INFO: [ app_begin ] --END-- [ RunTime:0.014003s ]
SQL: SHOW COLUMNS FROM `admin` [ RunTime:0.1331s ]
SQL: SELECT * FROM `admin` WHERE ( login='admin' ) LIMIT 1   [ RunTime:0.0291s ]

[ 2016-03-21T20:19:01+08:00 ] ::1 /kaili/index.php/Home/Pc/js/bootstrap.min.js
ERR: 非法操作:js

[ 2016-03-21T20:21:18+08:00 ] ::1 /kaili/index.php/Home/Pc/css/default.css
ERR: 非法操作:css

[ 2016-03-21T20:42:03+08:00 ] ::1 /kaili/index.php/Home/Pc/login
INFO: [ app_begin ] --START--
INFO: Run Behavior\ReadHtmlCacheBehavior [ RunTime:0.001345s ]
INFO: [ app_begin ] --END-- [ RunTime:0.002550s ]
SQL: SHOW COLUMNS FROM `admin` [ RunTime:0.0473s ]
SQL: SELECT * FROM `admin` WHERE ( login='admin' ) LIMIT 1   [ RunTime:0.0009s ]

[ 2016-03-21T20:49:00+08:00 ] ::1 /kaili/index.php/Home/Pc/css/default.css
ERR: 非法操作:css

[ 2016-03-21T20:50:32+08:00 ] ::1 /kaili/index.php/Home/Pc/index.html
ERR: XML标签语法错误

[ 2016-03-21T20:52:33+08:00 ] ::1 /kaili/index.php/Home/Pc/index.html
ERR: XML标签语法错误

[ 2016-03-21T20:52:35+08:00 ] ::1 /kaili/index.php/Home/Pc/index.html
ERR: XML标签语法错误

[ 2016-03-21T20:53:18+08:00 ] ::1 /kaili/index.php/Home/Pc/index.html
ERR: XML标签语法错误

[ 2016-03-21T20:53:20+08:00 ] ::1 /kaili/index.php/Home/Pc/index.html
ERR: XML标签语法错误

[ 2016-03-21T20:54:20+08:00 ] ::1 /kaili/index.php/Home/Pc/index.html
ERR: XML标签语法错误

[ 2016-03-21T20:54:29+08:00 ] ::1 /kaili/
ERR: XML标签语法错误

[ 2016-03-21T20:55:56+08:00 ] ::1 /kaili/
ERR: XML标签语法错误

[ 2016-03-21T21:38:12+08:00 ] ::1 /kaili/index.php/Home/Index
ERR: 1064:You have an error in your SQL syntax; check the manual that corresponds to your MySQL server version for the right syntax to use near '.00:00:00 and time <='2016-03-18'.23:59:59' )' at line 1
 [ SQL语句 ] : SELECT * FROM `record` WHERE ( time>='2016-03-18'.00:00:00 and time <='2016-03-18'.23:59:59' ) 

[ 2016-03-21T21:43:34+08:00 ] ::1 /kaili/index.php/Home/Pc/month
ERR: 非法操作:month

