[ 2016-03-19T09:52:20+08:00 ] ::1 /kaili/index.php/Home/Index/login
INFO: [ app_begin ] --START--
INFO: Run Behavior\ReadHtmlCacheBehavior [ RunTime:0.002079s ]
INFO: [ app_begin ] --END-- [ RunTime:0.010382s ]
SQL: SHOW COLUMNS FROM `admin` [ RunTime:0.1278s ]
SQL: SELECT * FROM `admin` WHERE ( login='zhuguan1' ) LIMIT 1   [ RunTime:0.0015s ]

[ 2016-03-19T09:52:58+08:00 ] ::1 /kaili/index.php/Home/Boss/role
ERR: 非法操作:role

[ 2016-03-19T09:55:14+08:00 ] ::1 /kaili/index.php/Home/Boss/role
ERR: 模板不存在:./App/Home/View/Boss/role.html

[ 2016-03-19T11:05:03+08:00 ] 192.168.23.2 /kaili/index.php/Home/Index/login
INFO: [ app_begin ] --START--
INFO: Run Behavior\ReadHtmlCacheBehavior [ RunTime:0.002574s ]
INFO: [ app_begin ] --END-- [ RunTime:0.005714s ]
SQL: SHOW COLUMNS FROM `admin` [ RunTime:0.0111s ]
SQL: SELECT * FROM `admin` WHERE ( login='zhuguan1' ) LIMIT 1   [ RunTime:0.0008s ]

[ 2016-03-19T15:05:02+08:00 ] ::1 /kaili/index.php/Home/Boss/rolesubmit
ERR: 1054:Unknown column '$id' in 'where clause'
 [ SQL语句 ] : UPDATE `admin` SET `macid`='1,2',`posid`='1,2,1,2' WHERE ( id=$id )

[ 2016-03-19T15:23:05+08:00 ] ::1 /kaili/index.php/Home/Index/conlogin
INFO: [ app_begin ] --START--
INFO: Run Behavior\ReadHtmlCacheBehavior [ RunTime:0.001877s ]
INFO: [ app_begin ] --END-- [ RunTime:0.003177s ]
SQL: SHOW COLUMNS FROM `user` [ RunTime:0.0721s ]
SQL: SELECT * FROM `user` WHERE ( userphone='1049370257' ) LIMIT 1   [ RunTime:0.0010s ]

[ 2016-03-19T15:36:33+08:00 ] ::1 /kaili/index.php/Home/Index/login
INFO: [ app_begin ] --START--
INFO: Run Behavior\ReadHtmlCacheBehavior [ RunTime:0.001387s ]
INFO: [ app_begin ] --END-- [ RunTime:0.002535s ]
SQL: SHOW COLUMNS FROM `admin` [ RunTime:0.0284s ]
SQL: SELECT * FROM `admin` WHERE ( login='zhuguan1' ) LIMIT 1   [ RunTime:0.0010s ]

[ 2016-03-19T15:45:48+08:00 ] ::1 /kaili/index.php/Home/Boss/role
ERR: 1054:Unknown column '$vo.mac' in 'where clause'
 [ SQL语句 ] : SELECT * FROM `machine` WHERE ( level=2 and mac=$vo.mac ) 

[ 2016-03-19T15:58:17+08:00 ] ::1 /kaili/index.php/Home/Boss/role
ERR: XML标签语法错误 : $posmac as $key=

[ 2016-03-19T15:59:25+08:00 ] ::1 /kaili/index.php/Home/Boss/role
ERR: XML标签语法错误 : $posmac as vo1

[ 2016-03-19T15:59:42+08:00 ] ::1 /kaili/index.php/Home/Boss/role
ERR: XML标签语法错误 : $posmac as $vo1

[ 2016-03-19T16:46:25+08:00 ] ::1 /kaili/index.php/Home/Index/login
INFO: [ app_begin ] --START--
INFO: Run Behavior\ReadHtmlCacheBehavior [ RunTime:0.004835s ]
INFO: [ app_begin ] --END-- [ RunTime:0.012875s ]
SQL: SHOW COLUMNS FROM `admin` [ RunTime:0.0171s ]
SQL: SELECT * FROM `admin` WHERE ( login='fuwu1' ) LIMIT 1   [ RunTime:0.0022s ]

[ 2016-03-19T16:46:39+08:00 ] ::1 /kaili/index.php/Home/Index/conlogin
INFO: [ app_begin ] --START--
INFO: Run Behavior\ReadHtmlCacheBehavior [ RunTime:0.001640s ]
INFO: [ app_begin ] --END-- [ RunTime:0.002957s ]
SQL: SHOW COLUMNS FROM `user` [ RunTime:0.0804s ]
SQL: SELECT * FROM `user` WHERE ( userphone='1049370257' ) LIMIT 1   [ RunTime:0.0013s ]

