[ 2016-03-20T17:08:08+08:00 ] ::1 /kaili/
ERR: 模板不存在:./App/Home/View/Pc/index.html

[ 2016-03-20T17:10:08+08:00 ] 192.168.23.2 /kaili/index.php/Home/Index/login
INFO: [ app_begin ] --START--
INFO: Run Behavior\ReadHtmlCacheBehavior [ RunTime:0.003140s ]
INFO: [ app_begin ] --END-- [ RunTime:0.004735s ]
SQL: SHOW COLUMNS FROM `admin` [ RunTime:0.1314s ]
SQL: SELECT * FROM `admin` WHERE ( login='fuwu1' ) LIMIT 1   [ RunTime:0.0086s ]

[ 2016-03-20T17:14:19+08:00 ] ::1 /kaili/index.php/Home/Index/login
INFO: [ app_begin ] --START--
INFO: Run Behavior\ReadHtmlCacheBehavior [ RunTime:0.002259s ]
INFO: [ app_begin ] --END-- [ RunTime:0.008340s ]
SQL: SHOW COLUMNS FROM `admin` [ RunTime:0.0166s ]
SQL: SELECT * FROM `admin` WHERE ( login='fuwu1' ) LIMIT 1   [ RunTime:0.0014s ]

[ 2016-03-20T17:22:55+08:00 ] ::1 /kaili/
ERR: 模板不存在:./App/Home/View/Index/Pc.html

[ 2016-03-20T17:25:57+08:00 ] ::1 /kaili/index.php/Home/Index/login
INFO: [ app_begin ] --START--
INFO: Run Behavior\ReadHtmlCacheBehavior [ RunTime:0.002823s ]
INFO: [ app_begin ] --END-- [ RunTime:0.004531s ]
SQL: SHOW COLUMNS FROM `admin` [ RunTime:0.0344s ]
SQL: SELECT * FROM `admin` WHERE ( login='zhuguan1' ) LIMIT 1   [ RunTime:0.0182s ]

[ 2016-03-20T17:27:45+08:00 ] ::1 /kaili/
ERR: 模板不存在:./App/Home/View/kaili/App/Home/Pc/index.html

[ 2016-03-20T17:41:37+08:00 ] ::1 /kaili/
ERR: Think\Controller:login方法不存在！

[ 2016-03-20T20:22:10+08:00 ] ::1 /kaili/
ERR: 模板不存在:./App/Home/View/Index/login.html

[ 2016-03-20T20:44:29+08:00 ] ::1 /kaili/index.php/Home/Index/login
INFO: [ app_begin ] --START--
INFO: Run Behavior\ReadHtmlCacheBehavior [ RunTime:0.001677s ]
INFO: [ app_begin ] --END-- [ RunTime:0.002740s ]
SQL: SHOW COLUMNS FROM `admin` [ RunTime:0.0355s ]
SQL: SELECT * FROM `admin` WHERE ( login='admin' ) LIMIT 1   [ RunTime:0.0011s ]
INFO: [ app_end ] --START--
INFO: Run Behavior\ShowPageTraceBehavior [ RunTime:0.001814s ]
INFO: [ app_end ] --END-- [ RunTime:0.001986s ]

[ 2016-03-20T20:47:30+08:00 ] ::1 /kaili/index.php/Home/Index/login
INFO: [ app_begin ] --START--
INFO: Run Behavior\ReadHtmlCacheBehavior [ RunTime:0.001673s ]
INFO: [ app_begin ] --END-- [ RunTime:0.002790s ]
SQL: SHOW COLUMNS FROM `admin` [ RunTime:0.0931s ]
SQL: SELECT * FROM `admin` WHERE ( login='admin' ) LIMIT 1   [ RunTime:0.0013s ]
INFO: [ app_end ] --START--
INFO: Run Behavior\ShowPageTraceBehavior [ RunTime:0.002153s ]
INFO: [ app_end ] --END-- [ RunTime:0.002394s ]

[ 2016-03-20T20:50:56+08:00 ] ::1 /kaili/index.php/Home/Index/login
INFO: [ app_begin ] --START--
INFO: Run Behavior\ReadHtmlCacheBehavior [ RunTime:0.001756s ]
INFO: [ app_begin ] --END-- [ RunTime:0.002893s ]
SQL: SHOW COLUMNS FROM `admin` [ RunTime:0.0910s ]
SQL: SELECT * FROM `admin` WHERE ( login='admin' ) LIMIT 1   [ RunTime:0.0011s ]
INFO: [ app_end ] --START--
INFO: Run Behavior\ShowPageTraceBehavior [ RunTime:0.002070s ]
INFO: [ app_end ] --END-- [ RunTime:0.002253s ]

[ 2016-03-20T20:51:48+08:00 ] ::1 /kaili/index.php/Home/Index/login
INFO: [ app_begin ] --START--
INFO: Run Behavior\ReadHtmlCacheBehavior [ RunTime:0.001552s ]
INFO: [ app_begin ] --END-- [ RunTime:0.002490s ]
SQL: SHOW COLUMNS FROM `admin` [ RunTime:0.0756s ]
SQL: SELECT * FROM `admin` WHERE ( login='admin' ) LIMIT 1   [ RunTime:0.0008s ]
INFO: [ app_end ] --START--
INFO: Run Behavior\ShowPageTraceBehavior [ RunTime:0.001601s ]
INFO: [ app_end ] --END-- [ RunTime:0.001816s ]

[ 2016-03-20T20:52:52+08:00 ] ::1 /kaili/index.php/Home/Pc/login
INFO: [ app_begin ] --START--
INFO: Run Behavior\ReadHtmlCacheBehavior [ RunTime:0.001864s ]
INFO: [ app_begin ] --END-- [ RunTime:0.003040s ]
SQL: SHOW COLUMNS FROM `admin` [ RunTime:0.0126s ]
SQL: SELECT * FROM `admin` WHERE ( login='admin' ) LIMIT 1   [ RunTime:0.0010s ]

[ 2016-03-20T20:53:22+08:00 ] ::1 /kaili/index.php/Home/Pc/login
INFO: [ app_begin ] --START--
INFO: Run Behavior\ReadHtmlCacheBehavior [ RunTime:0.002268s ]
INFO: [ app_begin ] --END-- [ RunTime:0.004100s ]
SQL: SHOW COLUMNS FROM `admin` [ RunTime:0.0149s ]
SQL: SELECT * FROM `admin` WHERE ( login='admin' ) LIMIT 1   [ RunTime:0.0008s ]

[ 2016-03-20T20:57:35+08:00 ] ::1 /kaili/index.php/Home/Pc/assets/css/dpl-min.css
ERR: 非法操作:assets

[ 2016-03-20T20:57:35+08:00 ] ::1 /kaili/index.php/Home/Pc/assets/css/bui-min.css
ERR: 非法操作:assets

[ 2016-03-20T20:57:35+08:00 ] ::1 /kaili/index.php/Home/Pc/assets/css/main-min.css
ERR: 非法操作:assets

[ 2016-03-20T20:57:35+08:00 ] ::1 /kaili/index.php/Home/Pc/assets/js/jquery-1.8.1.min.js
ERR: 非法操作:assets

[ 2016-03-20T20:57:35+08:00 ] ::1 /kaili/index.php/Home/Pc/assets/js/bui-min.js
ERR: 非法操作:assets

[ 2016-03-20T20:57:35+08:00 ] ::1 /kaili/index.php/Home/Pc/assets/js/config-min.js
ERR: 非法操作:assets

[ 2016-03-20T20:57:35+08:00 ] ::1 /kaili/index.php/Home/Pc/assets/js/common/main-min.js
ERR: 非法操作:assets

[ 2016-03-20T20:59:03+08:00 ] ::1 /kaili/index.php/Home/Pc/assets/js/common/main-min.js
ERR: 非法操作:assets

[ 2016-03-20T20:59:03+08:00 ] ::1 /kaili/index.php/Home/Pc/assets/js/bui-min.js
ERR: 非法操作:assets

[ 2016-03-20T20:59:03+08:00 ] ::1 /kaili/index.php/Home/Pc/assets/js/jquery-1.8.1.min.js
ERR: 非法操作:assets

[ 2016-03-20T20:59:03+08:00 ] ::1 /kaili/index.php/Home/Pc/assets/js/config-min.js
ERR: 非法操作:assets

[ 2016-03-20T21:01:47+08:00 ] ::1 /kaili/index.php/Home/Pc/assets/js/common/main-min.js
ERR: 非法操作:assets

[ 2016-03-20T21:01:48+08:00 ] ::1 /kaili/index.php/Home/Pc/assets/js/common/main-min.js
ERR: 非法操作:assets

[ 2016-03-20T21:05:51+08:00 ] ::1 /kaili/index.php/Home/Pc/assets/js/common/main-min.js
ERR: 非法操作:assets

[ 2016-03-20T21:06:49+08:00 ] ::1 /kaili/index.php/Home/Pc/assets/js/common/main-min.js
ERR: 非法操作:assets

[ 2016-03-20T21:07:01+08:00 ] ::1 /kaili/index.php/Home/Pc/assets/js/common/main-min.js
ERR: 非法操作:assets

[ 2016-03-20T21:09:38+08:00 ] ::1 /kaili/index.php/Home/Pc/assets/js/common/main-min.js
ERR: 非法操作:assets

[ 2016-03-20T21:11:23+08:00 ] ::1 /kaili/index.php/Home/Pc/assets/js/common/main-min.js
ERR: 非法操作:assets

[ 2016-03-20T21:13:08+08:00 ] ::1 /kaili/index.php/Home/Pc/assets/js/common/main-min.js
ERR: 非法操作:assets

[ 2016-03-20T21:14:07+08:00 ] ::1 /kaili/index.php/Home/Pc/assets/js/common/main-min.js
ERR: 非法操作:assets

[ 2016-03-20T21:17:35+08:00 ] ::1 /kaili/index.php/Home/Pc/assets/js/common/main-min.js
ERR: 非法操作:assets

[ 2016-03-20T21:17:38+08:00 ] ::1 /kaili/index.php/Home/Pc/assets/js/common/main-min.js
ERR: 非法操作:assets

[ 2016-03-20T21:18:22+08:00 ] ::1 /kaili/index.php/Home/Pc/assets/js/common/main-min.js
ERR: 非法操作:assets

[ 2016-03-20T21:19:57+08:00 ] ::1 /kaili/index.php/Home/Pc/Node/index.html
ERR: 非法操作:Node

[ 2016-03-20T21:23:07+08:00 ] ::1 /kaili/index.php/Home/Pc/Node/index.html
ERR: 非法操作:Node

[ 2016-03-20T21:23:09+08:00 ] ::1 /kaili/index.php/Home/Pc/Role/index.html
ERR: 非法操作:Role

[ 2016-03-20T21:23:10+08:00 ] ::1 /kaili/index.php/Home/Pc/User/index.html
ERR: 非法操作:User

[ 2016-03-20T21:23:12+08:00 ] ::1 /kaili/index.php/Home/Pc/Menu/index.html
ERR: 非法操作:Menu

[ 2016-03-20T21:23:27+08:00 ] ::1 /kaili/index.php/Home/Pc/Node/index.html
ERR: 非法操作:Node

[ 2016-03-20T21:25:23+08:00 ] ::1 /kaili/index.php/Home/Pc/User/index.html
ERR: 非法操作:User

[ 2016-03-20T22:07:04+08:00 ] ::1 /kaili/index.php/Home/Pc/login
INFO: [ app_begin ] --START--
INFO: Run Behavior\ReadHtmlCacheBehavior [ RunTime:0.002479s ]
INFO: [ app_begin ] --END-- [ RunTime:0.003916s ]
SQL: SHOW COLUMNS FROM `admin` [ RunTime:0.0491s ]
SQL: SELECT * FROM `admin` WHERE ( login='admin' ) LIMIT 1   [ RunTime:0.0186s ]

[ 2016-03-20T23:38:25+08:00 ] ::1 /kaili/index.php/Home/Pc/login
INFO: [ app_begin ] --START--
INFO: Run Behavior\ReadHtmlCacheBehavior [ RunTime:0.002056s ]
INFO: [ app_begin ] --END-- [ RunTime:0.003266s ]
SQL: SHOW COLUMNS FROM `admin` [ RunTime:0.0485s ]
SQL: SELECT * FROM `admin` WHERE ( login='admin' ) LIMIT 1   [ RunTime:0.0185s ]

[ 2016-03-20T23:39:34+08:00 ] ::1 /kaili/index.php/Home/Pc/login
INFO: [ app_begin ] --START--
INFO: Run Behavior\ReadHtmlCacheBehavior [ RunTime:0.001563s ]
INFO: [ app_begin ] --END-- [ RunTime:0.002653s ]
SQL: SHOW COLUMNS FROM `admin` [ RunTime:0.0133s ]
SQL: SELECT * FROM `admin` WHERE ( login='admin' ) LIMIT 1   [ RunTime:0.0010s ]

